<?xml version="1.0" encoding="UTF-8"?>
<!-- Generated by org.testng.reporters.JUnitXMLReporter -->
<testsuite ignored="0" hostname="BLRSFLT249" failures="0" tests="4" name="Default test" time="39.741" errors="0" timestamp="2026-01-07T17:02:50 IST">
  <testcase classname="SauceDemo_TestCases.Checkoutpagevalidation" name="validateZipCode" time="11.408"/>
  <testcase classname="SauceDemo_TestCases.Checkoutpagevalidation" name="CancelButtonValidation" time="2.158"/>
  <testcase classname="SauceDemo_TestCases.Checkoutpagevalidation" name="vaildateFinishfun" time="11.465"/>
  <testcase classname="SauceDemo_TestCases.Checkoutpagevalidation" name="backToHomebtn" time="10.256"/>
</testsuite> <!-- Default test -->
