<?xml version="1.0" encoding="UTF-8"?>
<!-- Generated by org.testng.reporters.JUnitXMLReporter -->
<testsuite ignored="0" hostname="BLRSFLT249" failures="0" tests="4" name="Default test" time="30.102" errors="0" timestamp="2025-12-02T17:00:05 IST">
  <testcase classname="SauceDemo_TestCases.TC002_Productlisting" name="testtheproductlisting" time="11.254"/>
  <testcase classname="SauceDemo_TestCases.TC002_Productlisting" name="verifyingtheimageextentions" time="4.2"/>
  <testcase classname="SauceDemo_TestCases.TC002_Productlisting" name="imagenaivagtion" time="7.544"/>
  <testcase classname="SauceDemo_TestCases.TC002_Productlisting" name="titlenavigation" time="2.655"/>
</testsuite> <!-- Default test -->
