<?xml version="1.0" encoding="UTF-8"?>
<!-- Generated by org.testng.reporters.JUnitXMLReporter -->
<testsuite ignored="0" hostname="BLRSFLT249" failures="0" tests="7" name="Default test" time="48.506" errors="0" timestamp="2025-12-12T13:10:46 IST">
  <testcase classname="SauceDemo_TestCases.TC004_Cartfunctionalites" name="addproductstocart" time="10.687"/>
  <testcase classname="SauceDemo_TestCases.TC004_Cartfunctionalites" name="addproductsusingdesc" time="0.583"/>
  <testcase classname="SauceDemo_TestCases.TC004_Cartfunctionalites" name="cartpage" time="10.085"/>
  <testcase classname="SauceDemo_TestCases.TC004_Cartfunctionalites" name="getnumberofitems" time="2.079"/>
  <testcase classname="SauceDemo_TestCases.TC004_Cartfunctionalites" name="removeproductsfromcart" time="10.144"/>
  <testcase classname="SauceDemo_TestCases.TC004_Cartfunctionalites" name="clickoncontinue" time="10.146"/>
  <testcase classname="SauceDemo_TestCases.TC004_Cartfunctionalites" name="refershpage" time="0.611"/>
</testsuite> <!-- Default test -->
