<?xml version="1.0" encoding="UTF-8"?>
<!-- Generated by org.testng.reporters.JUnitXMLReporter -->
<testsuite ignored="0" hostname="BLRSFLT249" failures="1" tests="1" name="Test" time="3.879" errors="0" timestamp="2025-12-01T15:55:37 IST">
  <testcase classname="SauceDemo_TestCases.TC001_AdLogin" name="adlogin" time="0.0">
    <failure type="org.testng.TestNGException" message="
Method public void SauceDemo_TestCases.TC001_AdLogin.adlogin(java.lang.String,java.lang.String) requires a @DataProvider named : Ballogindata in class Saucedemo_utilities.Dataprovoder">
      <![CDATA[org.testng.TestNGException: 
Method public void SauceDemo_TestCases.TC001_AdLogin.adlogin(java.lang.String,java.lang.String) requires a @DataProvider named : Ballogindata in class Saucedemo_utilities.Dataprovoder
at java.base/java.util.ArrayList.forEach(ArrayList.java:1511)
... Removed 24 stack frames]]>
    </failure>
  </testcase> <!-- adlogin -->
</testsuite> <!-- Test -->
