<?xml version="1.0" encoding="UTF-8"?>
<!-- Generated by org.testng.reporters.JUnitXMLReporter -->
<testsuite ignored="0" hostname="BLRSFLT249" failures="10" tests="35" name="Test" time="92.99" errors="0" timestamp="2026-01-15T15:41:35 IST">
  <testcase classname="SauceDemo_TestCases.TC001_Login" name="adlogin" time="13.198">
    <failure type="org.openqa.selenium.ElementNotInteractableException" message="element not interactable
  (Session info: chrome=143.0.7499.194)
Build info: version: &amp;apos;4.38.0&amp;apos;, revision: &amp;apos;6b412e825c*&amp;apos;
System info: os.name: &amp;apos;Windows 11&amp;apos;, os.arch: &amp;apos;amd64&amp;apos;, os.version: &amp;apos;10.0&amp;apos;, java.version: &amp;apos;17.0.10&amp;apos;
Driver info: org.openqa.selenium.chrome.ChromeDriver
Command: [db8bdea513b8201752ce4ca3a6eaa006, clickElement {id=f.B296722260F2DBD086F301F64F7EB493.d.5CACF4CA86F4EA86C27FD40F54FB8A63.e.49}]
Capabilities {acceptInsecureCerts: false, browserName: chrome, browserVersion: 143.0.7499.194, chrome: {chromedriverVersion: 143.0.7499.192 (be2c1f4fd45..., userDataDir: C:\Users\MAHALA~1.VS\AppDat...}, fedcm:accounts: true, goog:chromeOptions: {debuggerAddress: localhost:65510}, goog:processID: 26284, networkConnectionEnabled: false, pageLoadStrategy: normal, platformName: windows, proxy: Proxy(), se:cdp: ws://localhost:65510/devtoo..., se:cdpVersion: 143.0.7499.194, setWindowRect: true, strictFileInteractability: false, timeouts: {implicit: 0, pageLoad: 300000, script: 30000}, unhandledPromptBehavior: dismiss and notify, webauthn:extension:credBlob: true, webauthn:extension:largeBlob: true, webauthn:extension:minPinLength: true, webauthn:extension:prf: true, webauthn:virtualAuthenticators: true}
Element: [[ChromeDriver: chrome on windows (db8bdea513b8201752ce4ca3a6eaa006)] -&amp;gt; xpath: //a[contains(text(),&amp;apos;Logout&amp;apos;)]]
Session ID: db8bdea513b8201752ce4ca3a6eaa006">
      <![CDATA[org.openqa.selenium.ElementNotInteractableException: element not interactable
  (Session info: chrome=143.0.7499.194)
Build info: version: '4.38.0', revision: '6b412e825c*'
System info: os.name: 'Windows 11', os.arch: 'amd64', os.version: '10.0', java.version: '17.0.10'
Driver info: org.openqa.selenium.chrome.ChromeDriver
Command: [db8bdea513b8201752ce4ca3a6eaa006, clickElement {id=f.B296722260F2DBD086F301F64F7EB493.d.5CACF4CA86F4EA86C27FD40F54FB8A63.e.49}]
Capabilities {acceptInsecureCerts: false, browserName: chrome, browserVersion: 143.0.7499.194, chrome: {chromedriverVersion: 143.0.7499.192 (be2c1f4fd45..., userDataDir: C:\Users\MAHALA~1.VS\AppDat...}, fedcm:accounts: true, goog:chromeOptions: {debuggerAddress: localhost:65510}, goog:processID: 26284, networkConnectionEnabled: false, pageLoadStrategy: normal, platformName: windows, proxy: Proxy(), se:cdp: ws://localhost:65510/devtoo..., se:cdpVersion: 143.0.7499.194, setWindowRect: true, strictFileInteractability: false, timeouts: {implicit: 0, pageLoad: 300000, script: 30000}, unhandledPromptBehavior: dismiss and notify, webauthn:extension:credBlob: true, webauthn:extension:largeBlob: true, webauthn:extension:minPinLength: true, webauthn:extension:prf: true, webauthn:virtualAuthenticators: true}
Element: [[ChromeDriver: chrome on windows (db8bdea513b8201752ce4ca3a6eaa006)] -> xpath: //a[contains(text(),'Logout')]]
Session ID: db8bdea513b8201752ce4ca3a6eaa006
at org.openqa.selenium.remote.ErrorCodec.decode(ErrorCodec.java:167)
at org.openqa.selenium.remote.codec.w3c.W3CHttpResponseCodec.decode(W3CHttpResponseCodec.java:138)
at org.openqa.selenium.remote.codec.w3c.W3CHttpResponseCodec.decode(W3CHttpResponseCodec.java:50)
at org.openqa.selenium.remote.HttpCommandExecutor.execute(HttpCommandExecutor.java:215)
at org.openqa.selenium.remote.service.DriverCommandExecutor.invokeExecute(DriverCommandExecutor.java:216)
at org.openqa.selenium.remote.service.DriverCommandExecutor.execute(DriverCommandExecutor.java:174)
at org.openqa.selenium.remote.RemoteWebDriver.execute(RemoteWebDriver.java:557)
at org.openqa.selenium.remote.RemoteWebElement.execute(RemoteWebElement.java:223)
at org.openqa.selenium.remote.RemoteWebElement.click(RemoteWebElement.java:76)
at org.openqa.selenium.support.pagefactory.internal.LocatingElementHandler.invoke(LocatingElementHandler.java:51)
at jdk.proxy2/jdk.proxy2.$Proxy13.click(Unknown Source)
at pageObjects.Sidemenu.clickonlogout(Sidemenu.java:28)
at SauceDemo_TestCases.TC001_Login.adlogin(TC001_Login.java:26)
at java.base/java.util.ArrayList.forEach(ArrayList.java:1511)
... Removed 40 stack frames]]>
    </failure>
  </testcase> <!-- adlogin -->
  <testcase classname="SauceDemo_TestCases.TC001_Login" name="adlogin" time="3.069"/>
  <testcase classname="SauceDemo_TestCases.TC001_Login" name="adlogin" time="1.409"/>
  <testcase classname="SauceDemo_TestCases.TC001_Login" name="adlogin" time="1.417"/>
  <testcase classname="SauceDemo_TestCases.TC001_Login" name="adlogin" time="1.403"/>
  <testcase classname="SauceDemo_TestCases.TC001_Login" name="adlogin" time="1.514"/>
  <testcase classname="SauceDemo_TestCases.TC001_Login" name="adlogin" time="1.407"/>
  <testcase classname="SauceDemo_TestCases.TC001_Login" name="adlogin" time="1.67"/>
  <testcase classname="SauceDemo_TestCases.TC007_CheckoutPage" name="validateEmptyZipCode" time="5.116"/>
  <testcase classname="SauceDemo_TestCases.TC007_CheckoutPage" name="validateCancelCheckout" time="0.691"/>
  <testcase classname="SauceDemo_TestCases.TC007_CheckoutPage" name="validateFinishOrder" time="0.837"/>
  <testcase classname="SauceDemo_TestCases.TC007_CheckoutPage" name="navigateHomePage" time="0.124"/>
  <testcase classname="SauceDemo_TestCases.TC006_CheckOutPageDDT" name="gotocart" time="13.151"/>
  <testcase classname="SauceDemo_TestCases.TC006_CheckOutPageDDT" name="testCheckOutPage" time="1.086">
    <failure type="java.lang.AssertionError" message="Test didn&amp;apos;t pass for invalid data it accepted the spl characters expected [false] but found [true]">
      <![CDATA[java.lang.AssertionError: Test didn't pass for invalid data it accepted the spl characters expected [false] but found [true]
at SauceDemo_TestCases.TC006_CheckOutPageDDT.testCheckOutPage(TC006_CheckOutPageDDT.java:32)
at java.base/java.util.ArrayList.forEach(ArrayList.java:1511)
... Removed 34 stack frames]]>
    </failure>
  </testcase> <!-- testCheckOutPage -->
  <testcase classname="SauceDemo_TestCases.TC006_CheckOutPageDDT" name="testCheckOutPage" time="0.766">
    <failure type="java.lang.AssertionError" message="Test didn&amp;apos;t pass for invalid data it accepted the spl characters expected [false] but found [true]">
      <![CDATA[java.lang.AssertionError: Test didn't pass for invalid data it accepted the spl characters expected [false] but found [true]
at SauceDemo_TestCases.TC006_CheckOutPageDDT.testCheckOutPage(TC006_CheckOutPageDDT.java:32)
at java.base/java.util.ArrayList.forEach(ArrayList.java:1511)
... Removed 34 stack frames]]>
    </failure>
  </testcase> <!-- testCheckOutPage -->
  <testcase classname="SauceDemo_TestCases.TC006_CheckOutPageDDT" name="testCheckOutPage" time="0.818">
    <failure type="java.lang.AssertionError" message="Test didn&amp;apos;t pass for invalid data it accepted the spl characters expected [false] but found [true]">
      <![CDATA[java.lang.AssertionError: Test didn't pass for invalid data it accepted the spl characters expected [false] but found [true]
at SauceDemo_TestCases.TC006_CheckOutPageDDT.testCheckOutPage(TC006_CheckOutPageDDT.java:32)
at java.base/java.util.ArrayList.forEach(ArrayList.java:1511)
... Removed 34 stack frames]]>
    </failure>
  </testcase> <!-- testCheckOutPage -->
  <testcase classname="SauceDemo_TestCases.TC006_CheckOutPageDDT" name="testCheckOutPage" time="0.819">
    <failure type="java.lang.AssertionError" message="Test didn&amp;apos;t pass for invalid data it accepted the spl characters expected [false] but found [true]">
      <![CDATA[java.lang.AssertionError: Test didn't pass for invalid data it accepted the spl characters expected [false] but found [true]
at SauceDemo_TestCases.TC006_CheckOutPageDDT.testCheckOutPage(TC006_CheckOutPageDDT.java:32)
at java.base/java.util.ArrayList.forEach(ArrayList.java:1511)
... Removed 34 stack frames]]>
    </failure>
  </testcase> <!-- testCheckOutPage -->
  <testcase classname="SauceDemo_TestCases.TC006_CheckOutPageDDT" name="testCheckOutPage" time="0.81">
    <failure type="java.lang.AssertionError" message="Test didn&amp;apos;t pass for invalid data it accepted the spl characters expected [false] but found [true]">
      <![CDATA[java.lang.AssertionError: Test didn't pass for invalid data it accepted the spl characters expected [false] but found [true]
at SauceDemo_TestCases.TC006_CheckOutPageDDT.testCheckOutPage(TC006_CheckOutPageDDT.java:32)
at java.base/java.util.ArrayList.forEach(ArrayList.java:1511)
... Removed 34 stack frames]]>
    </failure>
  </testcase> <!-- testCheckOutPage -->
  <testcase classname="SauceDemo_TestCases.TC006_CheckOutPageDDT" name="testCheckOutPage" time="0.774">
    <failure type="java.lang.AssertionError" message="Test didn&amp;apos;t pass for invalid data it accepted the spl characters expected [false] but found [true]">
      <![CDATA[java.lang.AssertionError: Test didn't pass for invalid data it accepted the spl characters expected [false] but found [true]
at SauceDemo_TestCases.TC006_CheckOutPageDDT.testCheckOutPage(TC006_CheckOutPageDDT.java:32)
at java.base/java.util.ArrayList.forEach(ArrayList.java:1511)
... Removed 34 stack frames]]>
    </failure>
  </testcase> <!-- testCheckOutPage -->
  <testcase classname="SauceDemo_TestCases.TC006_CheckOutPageDDT" name="testCheckOutPage" time="0.787"/>
  <testcase classname="SauceDemo_TestCases.TC004_Cartfunctionalites" name="addProductsToCart" time="6.676">
    <failure type="org.openqa.selenium.NoSuchElementException" message="no such element: Unable to locate element: {&amp;quot;method&amp;quot;:&amp;quot;xpath&amp;quot;,&amp;quot;selector&amp;quot;:&amp;quot;//span[@class=&amp;apos;shopping_cart_badge&amp;apos;]&amp;quot;}
  (Session info: chrome=143.0.7499.194)
For documentation on this error, please visit: https://www.selenium.dev/documentation/webdriver/troubleshooting/errors#nosuchelementexception
Build info: version: &amp;apos;4.38.0&amp;apos;, revision: &amp;apos;6b412e825c*&amp;apos;
System info: os.name: &amp;apos;Windows 11&amp;apos;, os.arch: &amp;apos;amd64&amp;apos;, os.version: &amp;apos;10.0&amp;apos;, java.version: &amp;apos;17.0.10&amp;apos;
Driver info: org.openqa.selenium.chrome.ChromeDriver
Command: [c068456621c82b4ea626b4ccb3af6f6d, findElement {using=xpath, value=//span[@class=&amp;apos;shopping_cart_badge&amp;apos;]}]
Capabilities {acceptInsecureCerts: false, browserName: chrome, browserVersion: 143.0.7499.194, chrome: {chromedriverVersion: 143.0.7499.192 (be2c1f4fd45..., userDataDir: C:\Users\MAHALA~1.VS\AppDat...}, fedcm:accounts: true, goog:chromeOptions: {debuggerAddress: localhost:64849}, goog:processID: 27544, networkConnectionEnabled: false, pageLoadStrategy: normal, platformName: windows, proxy: Proxy(), se:cdp: ws://localhost:64849/devtoo..., se:cdpVersion: 143.0.7499.194, setWindowRect: true, strictFileInteractability: false, timeouts: {implicit: 0, pageLoad: 300000, script: 30000}, unhandledPromptBehavior: dismiss and notify, webauthn:extension:credBlob: true, webauthn:extension:largeBlob: true, webauthn:extension:minPinLength: true, webauthn:extension:prf: true, webauthn:virtualAuthenticators: true}
Session ID: c068456621c82b4ea626b4ccb3af6f6d">
      <![CDATA[org.openqa.selenium.NoSuchElementException: no such element: Unable to locate element: {"method":"xpath","selector":"//span[@class='shopping_cart_badge']"}
  (Session info: chrome=143.0.7499.194)
For documentation on this error, please visit: https://www.selenium.dev/documentation/webdriver/troubleshooting/errors#nosuchelementexception
Build info: version: '4.38.0', revision: '6b412e825c*'
System info: os.name: 'Windows 11', os.arch: 'amd64', os.version: '10.0', java.version: '17.0.10'
Driver info: org.openqa.selenium.chrome.ChromeDriver
Command: [c068456621c82b4ea626b4ccb3af6f6d, findElement {using=xpath, value=//span[@class='shopping_cart_badge']}]
Capabilities {acceptInsecureCerts: false, browserName: chrome, browserVersion: 143.0.7499.194, chrome: {chromedriverVersion: 143.0.7499.192 (be2c1f4fd45..., userDataDir: C:\Users\MAHALA~1.VS\AppDat...}, fedcm:accounts: true, goog:chromeOptions: {debuggerAddress: localhost:64849}, goog:processID: 27544, networkConnectionEnabled: false, pageLoadStrategy: normal, platformName: windows, proxy: Proxy(), se:cdp: ws://localhost:64849/devtoo..., se:cdpVersion: 143.0.7499.194, setWindowRect: true, strictFileInteractability: false, timeouts: {implicit: 0, pageLoad: 300000, script: 30000}, unhandledPromptBehavior: dismiss and notify, webauthn:extension:credBlob: true, webauthn:extension:largeBlob: true, webauthn:extension:minPinLength: true, webauthn:extension:prf: true, webauthn:virtualAuthenticators: true}
Session ID: c068456621c82b4ea626b4ccb3af6f6d
at org.openqa.selenium.remote.ErrorCodec.decode(ErrorCodec.java:167)
at org.openqa.selenium.remote.codec.w3c.W3CHttpResponseCodec.decode(W3CHttpResponseCodec.java:138)
at org.openqa.selenium.remote.codec.w3c.W3CHttpResponseCodec.decode(W3CHttpResponseCodec.java:50)
at org.openqa.selenium.remote.HttpCommandExecutor.execute(HttpCommandExecutor.java:215)
at org.openqa.selenium.remote.service.DriverCommandExecutor.invokeExecute(DriverCommandExecutor.java:216)
at org.openqa.selenium.remote.service.DriverCommandExecutor.execute(DriverCommandExecutor.java:174)
at org.openqa.selenium.remote.RemoteWebDriver.execute(RemoteWebDriver.java:557)
at org.openqa.selenium.remote.ElementLocation$ElementFinder$2.findElement(ElementLocation.java:165)
at org.openqa.selenium.remote.ElementLocation.findElement(ElementLocation.java:59)
at org.openqa.selenium.remote.RemoteWebDriver.findElement(RemoteWebDriver.java:380)
at org.openqa.selenium.remote.RemoteWebDriver.findElement(RemoteWebDriver.java:374)
at org.openqa.selenium.support.pagefactory.DefaultElementLocator.findElement(DefaultElementLocator.java:68)
at org.openqa.selenium.support.pagefactory.internal.LocatingElementHandler.invoke(LocatingElementHandler.java:38)
at jdk.proxy2/jdk.proxy2.$Proxy13.isDisplayed(Unknown Source)
at pageObjects.ProductsListing.isbadgeDisplayed(ProductsListing.java:124)
at SauceDemo_TestCases.TC004_Cartfunctionalites.addProductsToCart(TC004_Cartfunctionalites.java:11)
at java.base/java.util.ArrayList.forEach(ArrayList.java:1511)
... Removed 35 stack frames]]>
    </failure>
  </testcase> <!-- addProductsToCart -->
  <testcase classname="SauceDemo_TestCases.TC004_Cartfunctionalites" name="addProductsUsingDesc" time="0.0">
    <skipped/>
  </testcase> <!-- addProductsUsingDesc -->
  <testcase classname="SauceDemo_TestCases.TC004_Cartfunctionalites" name="cartPage" time="0.0">
    <skipped/>
  </testcase> <!-- cartPage -->
  <testcase classname="SauceDemo_TestCases.TC004_Cartfunctionalites" name="getNumberOfItems" time="0.0">
    <skipped/>
  </testcase> <!-- getNumberOfItems -->
  <testcase classname="SauceDemo_TestCases.TC004_Cartfunctionalites" name="removeProductsFromCart" time="0.0">
    <skipped/>
  </testcase> <!-- removeProductsFromCart -->
  <testcase classname="SauceDemo_TestCases.TC004_Cartfunctionalites" name="clickOnContinue" time="0.0">
    <skipped/>
  </testcase> <!-- clickOnContinue -->
  <testcase classname="SauceDemo_TestCases.TC004_Cartfunctionalites" name="refreshPage" time="0.0">
    <skipped/>
  </testcase> <!-- refreshPage -->
  <testcase classname="SauceDemo_TestCases.TC003_ProductFilters" name="verifyDisplayOfDropdown" time="0.062"/>
  <testcase classname="SauceDemo_TestCases.TC003_ProductFilters" name="selectionOfFilters" time="1.191"/>
  <testcase classname="SauceDemo_TestCases.TC002_Productlisting" name="verifyProductTitlesAreNotEmpty" time="0.246"/>
  <testcase classname="SauceDemo_TestCases.TC002_Productlisting" name="verifyProductImageExtensions" time="0.181"/>
  <testcase classname="SauceDemo_TestCases.TC002_Productlisting" name="verifyProductImageNavigation" time="9.341">
    <failure type="java.lang.AssertionError" message="Test failed becoz the url was not containing the Expected Parameters expected [true] but found [false]">
      <![CDATA[java.lang.AssertionError: Test failed becoz the url was not containing the Expected Parameters expected [true] but found [false]
at SauceDemo_TestCases.TC002_Productlisting.verifyProductImageNavigation(TC002_Productlisting.java:39)
at java.base/java.util.ArrayList.forEach(ArrayList.java:1511)
... Removed 34 stack frames]]>
    </failure>
  </testcase> <!-- verifyProductImageNavigation -->
  <testcase classname="SauceDemo_TestCases.TC002_Productlisting" name="verifyProduvtTitleNavigation" time="0.0">
    <skipped/>
  </testcase> <!-- verifyProduvtTitleNavigation -->
  <testcase classname="SauceDemo_TestCases.TC005_EmptyCartpage" name="emptyCartPage" time="0.203">
    <failure type="java.lang.AssertionError" message="expected [false] but found [true]">
      <![CDATA[java.lang.AssertionError: expected [false] but found [true]
at SauceDemo_TestCases.TC005_EmptyCartpage.emptyCartPage(TC005_EmptyCartpage.java:16)
at java.base/java.util.ArrayList.forEach(ArrayList.java:1511)
... Removed 38 stack frames]]>
    </failure>
  </testcase> <!-- emptyCartPage -->
  <testcase classname="SauceDemo_TestCases.TC005_EmptyCartpage" name="checkoutPageProducts" time="0.106"/>
</testsuite> <!-- Test -->
