<!DOCTYPE html PUBLIC "-//W3C//DTD XHTML 1.1//EN" "https://www.w3.org/TR/xhtml11/DTD/xhtml11.dtd">
<html xmlns="https://www.w3.org/1999/xhtml">
<head>
<meta http-equiv="content-type" content="text/html; charset=UTF-8"/>
<title>TestNG Report</title>
<style type="text/css">table {margin-bottom:10px;border-collapse:collapse;empty-cells:show}th,td {border:1px solid #009;padding:.25em .5em}th {vertical-align:bottom}td {vertical-align:top}table a {font-weight:bold}.stripe td {background-color: #E6EBF9}.num {text-align:right}.passedodd td {background-color: #3F3}.passedeven td {background-color: #0A0}.skippedodd td {background-color: #DDD}.skippedeven td {background-color: #CCC}.failedodd td,.attn {background-color: #F33}.failedeven td,.stripe .attn {background-color: #D00}.stacktrace {white-space:pre;font-family:monospace}.totop {font-size:85%;text-align:center;border-bottom:2px solid #000}.invisible {display:none}</style>
</head>
<body>
<table>
<tr><th>Test</th><th># Passed</th><th># Skipped</th><th># Retried</th><th># Failed</th><th>Time (ms)</th><th>Included Groups</th><th>Excluded Groups</th></tr>
<tr><th colspan="8">Suite</th></tr>
<tr><td><a href="#t0">Test</a></td><td class="num">18</td><td class="num attn">7</td><td class="num">0</td><td class="num attn">10</td><td class="num">92,990</td><td>masters</td><td></td></tr>
</table>
<table id='summary'><thead><tr><th>Class</th><th>Method</th><th>Start</th><th>Time (ms)</th></tr></thead><tbody><tr><th colspan="4">Suite</th></tr></tbody><tbody id="t0"><tr><th colspan="4">Test &#8212; failed</th></tr><tr class="failedeven"><td rowspan="1">SauceDemo_TestCases.TC001_Login</td><td><a href="#m0">adlogin</a></td><td rowspan="1">1768471806506</td><td rowspan="1">13198</td></tr><tr class="failedodd"><td rowspan="1">SauceDemo_TestCases.TC002_Productlisting</td><td><a href="#m1">verifyProductImageNavigation</a></td><td rowspan="1">1768471881987</td><td rowspan="1">9341</td></tr><tr class="failedeven"><td rowspan="1">SauceDemo_TestCases.TC004_Cartfunctionalites</td><td><a href="#m2">addProductsToCart</a></td><td rowspan="1">1768471866903</td><td rowspan="1">6676</td></tr><tr class="failedodd"><td rowspan="1">SauceDemo_TestCases.TC005_EmptyCartpage</td><td><a href="#m3">emptyCartPage</a></td><td rowspan="1">1768471894556</td><td rowspan="1">203</td></tr><tr class="failedeven"><td rowspan="6">SauceDemo_TestCases.TC006_CheckOutPageDDT</td><td><a href="#m4">testCheckOutPage</a></td><td rowspan="6">1768471860793</td><td rowspan="6">819</td></tr><tr class="failedeven"><td><a href="#m5">testCheckOutPage</a></td></tr><tr class="failedeven"><td><a href="#m6">testCheckOutPage</a></td></tr><tr class="failedeven"><td><a href="#m7">testCheckOutPage</a></td></tr><tr class="failedeven"><td><a href="#m8">testCheckOutPage</a></td></tr><tr class="failedeven"><td><a href="#m9">testCheckOutPage</a></td></tr><tr><th colspan="4">Test &#8212; skipped</th></tr><tr class="skippedeven"><td rowspan="1">SauceDemo_TestCases.TC002_Productlisting</td><td><a href="#m10">verifyProduvtTitleNavigation</a></td><td rowspan="1">1768471891330</td><td rowspan="1">0</td></tr><tr class="skippedodd"><td rowspan="6">SauceDemo_TestCases.TC004_Cartfunctionalites</td><td><a href="#m11">addProductsUsingDesc</a></td><td rowspan="1">1768471873584</td><td rowspan="1">0</td></tr><tr class="skippedodd"><td><a href="#m12">cartPage</a></td><td rowspan="1">1768471873586</td><td rowspan="1">0</td></tr><tr class="skippedodd"><td><a href="#m13">clickOnContinue</a></td><td rowspan="1">1768471873590</td><td rowspan="1">0</td></tr><tr class="skippedodd"><td><a href="#m14">getNumberOfItems</a></td><td rowspan="1">1768471873588</td><td rowspan="1">0</td></tr><tr class="skippedodd"><td><a href="#m15">refreshPage</a></td><td rowspan="1">1768471873591</td><td rowspan="1">0</td></tr><tr class="skippedodd"><td><a href="#m16">removeProductsFromCart</a></td><td rowspan="1">1768471873588</td><td rowspan="1">0</td></tr><tr><th colspan="4">Test &#8212; passed</th></tr><tr class="passedeven"><td rowspan="7">SauceDemo_TestCases.TC001_Login</td><td><a href="#m17">adlogin</a></td><td rowspan="7">1768471825621</td><td rowspan="7">1403</td></tr><tr class="passedeven"><td><a href="#m18">adlogin</a></td></tr><tr class="passedeven"><td><a href="#m19">adlogin</a></td></tr><tr class="passedeven"><td><a href="#m20">adlogin</a></td></tr><tr class="passedeven"><td><a href="#m21">adlogin</a></td></tr><tr class="passedeven"><td><a href="#m22">adlogin</a></td></tr><tr class="passedeven"><td><a href="#m23">adlogin</a></td></tr><tr class="passedodd"><td rowspan="2">SauceDemo_TestCases.TC002_Productlisting</td><td><a href="#m24">verifyProductImageExtensions</a></td><td rowspan="1">1768471881806</td><td rowspan="1">181</td></tr><tr class="passedodd"><td><a href="#m25">verifyProductTitlesAreNotEmpty</a></td><td rowspan="1">1768471881559</td><td rowspan="1">246</td></tr><tr class="passedeven"><td rowspan="2">SauceDemo_TestCases.TC003_ProductFilters</td><td><a href="#m26">selectionOfFilters</a></td><td rowspan="1">1768471877043</td><td rowspan="1">1191</td></tr><tr class="passedeven"><td><a href="#m27">verifyDisplayOfDropdown</a></td><td rowspan="1">1768471876979</td><td rowspan="1">62</td></tr><tr class="passedodd"><td rowspan="1">SauceDemo_TestCases.TC005_EmptyCartpage</td><td><a href="#m28">checkoutPageProducts</a></td><td rowspan="1">1768471894761</td><td rowspan="1">106</td></tr><tr class="passedeven"><td rowspan="2">SauceDemo_TestCases.TC006_CheckOutPageDDT</td><td><a href="#m29">gotocart</a></td><td rowspan="1">1768471844343</td><td rowspan="1">13151</td></tr><tr class="passedeven"><td><a href="#m30">testCheckOutPage</a></td><td rowspan="1">1768471863200</td><td rowspan="1">787</td></tr><tr class="passedodd"><td rowspan="4">SauceDemo_TestCases.TC007_CheckoutPage</td><td><a href="#m31">navigateHomePage</a></td><td rowspan="1">1768471841133</td><td rowspan="1">124</td></tr><tr class="passedodd"><td><a href="#m32">validateCancelCheckout</a></td><td rowspan="1">1768471839602</td><td rowspan="1">691</td></tr><tr class="passedodd"><td><a href="#m33">validateEmptyZipCode</a></td><td rowspan="1">1768471834483</td><td rowspan="1">5116</td></tr><tr class="passedodd"><td><a href="#m34">validateFinishOrder</a></td><td rowspan="1">1768471840295</td><td rowspan="1">837</td></tr></tbody>
</table>
<h2>Test</h2><h3 id="m0">SauceDemo_TestCases.TC001_Login#adlogin</h3><table class="result"><tr class="param"><th>Parameter #1</th><th>Parameter #2</th><th>Parameter #3</th></tr><tr class="param stripe"><td>standard_user</td><td>secret_sauce</td><td>valid</td></tr><tr><th colspan="3">Exception</th></tr><tr><td colspan="3"><div class="stacktrace">org.openqa.selenium.ElementNotInteractableException: element not interactable
  (Session info: chrome=143.0.7499.194)
Build info: version: &apos;4.38.0&apos;, revision: &apos;6b412e825c*&apos;
System info: os.name: &apos;Windows 11&apos;, os.arch: &apos;amd64&apos;, os.version: &apos;10.0&apos;, java.version: &apos;17.0.10&apos;
Driver info: org.openqa.selenium.chrome.ChromeDriver
Command: [db8bdea513b8201752ce4ca3a6eaa006, clickElement {id=f.B296722260F2DBD086F301F64F7EB493.d.5CACF4CA86F4EA86C27FD40F54FB8A63.e.49}]
Capabilities {acceptInsecureCerts: false, browserName: chrome, browserVersion: 143.0.7499.194, chrome: {chromedriverVersion: 143.0.7499.192 (be2c1f4fd45..., userDataDir: C:\Users\MAHALA~1.VS\AppDat...}, fedcm:accounts: true, goog:chromeOptions: {debuggerAddress: localhost:65510}, goog:processID: 26284, networkConnectionEnabled: false, pageLoadStrategy: normal, platformName: windows, proxy: Proxy(), se:cdp: ws://localhost:65510/devtoo..., se:cdpVersion: 143.0.7499.194, setWindowRect: true, strictFileInteractability: false, timeouts: {implicit: 0, pageLoad: 300000, script: 30000}, unhandledPromptBehavior: dismiss and notify, webauthn:extension:credBlob: true, webauthn:extension:largeBlob: true, webauthn:extension:minPinLength: true, webauthn:extension:prf: true, webauthn:virtualAuthenticators: true}
Element: [[ChromeDriver: chrome on windows (db8bdea513b8201752ce4ca3a6eaa006)] -&gt; xpath: //a[contains(text(),&apos;Logout&apos;)]]
Session ID: db8bdea513b8201752ce4ca3a6eaa006
	at org.openqa.selenium.remote.ErrorCodec.decode(ErrorCodec.java:167)
	at org.openqa.selenium.remote.codec.w3c.W3CHttpResponseCodec.decode(W3CHttpResponseCodec.java:138)
	at org.openqa.selenium.remote.codec.w3c.W3CHttpResponseCodec.decode(W3CHttpResponseCodec.java:50)
	at org.openqa.selenium.remote.HttpCommandExecutor.execute(HttpCommandExecutor.java:215)
	at org.openqa.selenium.remote.service.DriverCommandExecutor.invokeExecute(DriverCommandExecutor.java:216)
	at org.openqa.selenium.remote.service.DriverCommandExecutor.execute(DriverCommandExecutor.java:174)
	at org.openqa.selenium.remote.RemoteWebDriver.execute(RemoteWebDriver.java:557)
	at org.openqa.selenium.remote.RemoteWebElement.execute(RemoteWebElement.java:223)
	at org.openqa.selenium.remote.RemoteWebElement.click(RemoteWebElement.java:76)
	at org.openqa.selenium.support.pagefactory.internal.LocatingElementHandler.invoke(LocatingElementHandler.java:51)
	at jdk.proxy2/jdk.proxy2.$Proxy13.click(Unknown Source)
	at pageObjects.Sidemenu.clickonlogout(Sidemenu.java:28)
	at SauceDemo_TestCases.TC001_Login.adlogin(TC001_Login.java:26)
	at java.base/java.util.ArrayList.forEach(ArrayList.java:1511)
... Removed 40 stack frames</div></td></tr></table><p class="totop"><a href="#summary">back to summary</a></p>
<h3 id="m1">SauceDemo_TestCases.TC002_Productlisting#verifyProductImageNavigation</h3><table class="result"><tr><th>Exception</th></tr><tr><td><div class="stacktrace">java.lang.AssertionError: Test failed becoz the url was not containing the Expected Parameters expected [true] but found [false]
	at SauceDemo_TestCases.TC002_Productlisting.verifyProductImageNavigation(TC002_Productlisting.java:39)
	at java.base/java.util.ArrayList.forEach(ArrayList.java:1511)
... Removed 34 stack frames</div></td></tr></table><p class="totop"><a href="#summary">back to summary</a></p>
<h3 id="m2">SauceDemo_TestCases.TC004_Cartfunctionalites#addProductsToCart</h3><table class="result"><tr><th>Exception</th></tr><tr><td><div class="stacktrace">org.openqa.selenium.NoSuchElementException: no such element: Unable to locate element: {&quot;method&quot;:&quot;xpath&quot;,&quot;selector&quot;:&quot;//span[@class=&apos;shopping_cart_badge&apos;]&quot;}
  (Session info: chrome=143.0.7499.194)
For documentation on this error, please visit: https://www.selenium.dev/documentation/webdriver/troubleshooting/errors#nosuchelementexception
Build info: version: &apos;4.38.0&apos;, revision: &apos;6b412e825c*&apos;
System info: os.name: &apos;Windows 11&apos;, os.arch: &apos;amd64&apos;, os.version: &apos;10.0&apos;, java.version: &apos;17.0.10&apos;
Driver info: org.openqa.selenium.chrome.ChromeDriver
Command: [c068456621c82b4ea626b4ccb3af6f6d, findElement {using=xpath, value=//span[@class=&apos;shopping_cart_badge&apos;]}]
Capabilities {acceptInsecureCerts: false, browserName: chrome, browserVersion: 143.0.7499.194, chrome: {chromedriverVersion: 143.0.7499.192 (be2c1f4fd45..., userDataDir: C:\Users\MAHALA~1.VS\AppDat...}, fedcm:accounts: true, goog:chromeOptions: {debuggerAddress: localhost:64849}, goog:processID: 27544, networkConnectionEnabled: false, pageLoadStrategy: normal, platformName: windows, proxy: Proxy(), se:cdp: ws://localhost:64849/devtoo..., se:cdpVersion: 143.0.7499.194, setWindowRect: true, strictFileInteractability: false, timeouts: {implicit: 0, pageLoad: 300000, script: 30000}, unhandledPromptBehavior: dismiss and notify, webauthn:extension:credBlob: true, webauthn:extension:largeBlob: true, webauthn:extension:minPinLength: true, webauthn:extension:prf: true, webauthn:virtualAuthenticators: true}
Session ID: c068456621c82b4ea626b4ccb3af6f6d
	at org.openqa.selenium.remote.ErrorCodec.decode(ErrorCodec.java:167)
	at org.openqa.selenium.remote.codec.w3c.W3CHttpResponseCodec.decode(W3CHttpResponseCodec.java:138)
	at org.openqa.selenium.remote.codec.w3c.W3CHttpResponseCodec.decode(W3CHttpResponseCodec.java:50)
	at org.openqa.selenium.remote.HttpCommandExecutor.execute(HttpCommandExecutor.java:215)
	at org.openqa.selenium.remote.service.DriverCommandExecutor.invokeExecute(DriverCommandExecutor.java:216)
	at org.openqa.selenium.remote.service.DriverCommandExecutor.execute(DriverCommandExecutor.java:174)
	at org.openqa.selenium.remote.RemoteWebDriver.execute(RemoteWebDriver.java:557)
	at org.openqa.selenium.remote.ElementLocation$ElementFinder$2.findElement(ElementLocation.java:165)
	at org.openqa.selenium.remote.ElementLocation.findElement(ElementLocation.java:59)
	at org.openqa.selenium.remote.RemoteWebDriver.findElement(RemoteWebDriver.java:380)
	at org.openqa.selenium.remote.RemoteWebDriver.findElement(RemoteWebDriver.java:374)
	at org.openqa.selenium.support.pagefactory.DefaultElementLocator.findElement(DefaultElementLocator.java:68)
	at org.openqa.selenium.support.pagefactory.internal.LocatingElementHandler.invoke(LocatingElementHandler.java:38)
	at jdk.proxy2/jdk.proxy2.$Proxy13.isDisplayed(Unknown Source)
	at pageObjects.ProductsListing.isbadgeDisplayed(ProductsListing.java:124)
	at SauceDemo_TestCases.TC004_Cartfunctionalites.addProductsToCart(TC004_Cartfunctionalites.java:11)
	at java.base/java.util.ArrayList.forEach(ArrayList.java:1511)
... Removed 35 stack frames</div></td></tr></table><p class="totop"><a href="#summary">back to summary</a></p>
<h3 id="m3">SauceDemo_TestCases.TC005_EmptyCartpage#emptyCartPage</h3><table class="result"><tr><th>Exception</th></tr><tr><td><div class="stacktrace">java.lang.AssertionError: expected [false] but found [true]
	at SauceDemo_TestCases.TC005_EmptyCartpage.emptyCartPage(TC005_EmptyCartpage.java:16)
	at java.base/java.util.ArrayList.forEach(ArrayList.java:1511)
... Removed 38 stack frames</div></td></tr></table><p class="totop"><a href="#summary">back to summary</a></p>
<h3 id="m4">SauceDemo_TestCases.TC006_CheckOutPageDDT#testCheckOutPage</h3><table class="result"><tr class="param"><th>Parameter #1</th><th>Parameter #2</th><th>Parameter #3</th><th>Parameter #4</th></tr><tr class="param stripe"><td>$%</td><td>vs</td><td>357890</td><td>invalid</td></tr><tr><th colspan="4">Exception</th></tr><tr><td colspan="4"><div class="stacktrace">java.lang.AssertionError: Test didn&apos;t pass for invalid data it accepted the spl characters expected [false] but found [true]
	at SauceDemo_TestCases.TC006_CheckOutPageDDT.testCheckOutPage(TC006_CheckOutPageDDT.java:32)
	at java.base/java.util.ArrayList.forEach(ArrayList.java:1511)
... Removed 34 stack frames</div></td></tr></table><p class="totop"><a href="#summary">back to summary</a></p>
<h3 id="m5">SauceDemo_TestCases.TC006_CheckOutPageDDT#testCheckOutPage</h3><table class="result"><tr class="param"><th>Parameter #1</th><th>Parameter #2</th><th>Parameter #3</th><th>Parameter #4</th></tr><tr class="param stripe"><td>Maha</td><td>vs</td><td>!@#$</td><td>invalid</td></tr><tr><th colspan="4">Exception</th></tr><tr><td colspan="4"><div class="stacktrace">java.lang.AssertionError: Test didn&apos;t pass for invalid data it accepted the spl characters expected [false] but found [true]
	at SauceDemo_TestCases.TC006_CheckOutPageDDT.testCheckOutPage(TC006_CheckOutPageDDT.java:32)
	at java.base/java.util.ArrayList.forEach(ArrayList.java:1511)
... Removed 34 stack frames</div></td></tr></table><p class="totop"><a href="#summary">back to summary</a></p>
<h3 id="m6">SauceDemo_TestCases.TC006_CheckOutPageDDT#testCheckOutPage</h3><table class="result"><tr class="param"><th>Parameter #1</th><th>Parameter #2</th><th>Parameter #3</th><th>Parameter #4</th></tr><tr class="param stripe"><td>Maha</td><td>vs</td><td>WW234</td><td>invalid</td></tr><tr><th colspan="4">Exception</th></tr><tr><td colspan="4"><div class="stacktrace">java.lang.AssertionError: Test didn&apos;t pass for invalid data it accepted the spl characters expected [false] but found [true]
	at SauceDemo_TestCases.TC006_CheckOutPageDDT.testCheckOutPage(TC006_CheckOutPageDDT.java:32)
	at java.base/java.util.ArrayList.forEach(ArrayList.java:1511)
... Removed 34 stack frames</div></td></tr></table><p class="totop"><a href="#summary">back to summary</a></p>
<h3 id="m7">SauceDemo_TestCases.TC006_CheckOutPageDDT#testCheckOutPage</h3><table class="result"><tr class="param"><th>Parameter #1</th><th>Parameter #2</th><th>Parameter #3</th><th>Parameter #4</th></tr><tr class="param stripe"><td>Maha</td><td>vs</td><td>#$&amp;*((</td><td>invalid</td></tr><tr><th colspan="4">Exception</th></tr><tr><td colspan="4"><div class="stacktrace">java.lang.AssertionError: Test didn&apos;t pass for invalid data it accepted the spl characters expected [false] but found [true]
	at SauceDemo_TestCases.TC006_CheckOutPageDDT.testCheckOutPage(TC006_CheckOutPageDDT.java:32)
	at java.base/java.util.ArrayList.forEach(ArrayList.java:1511)
... Removed 34 stack frames</div></td></tr></table><p class="totop"><a href="#summary">back to summary</a></p>
<h3 id="m8">SauceDemo_TestCases.TC006_CheckOutPageDDT#testCheckOutPage</h3><table class="result"><tr class="param"><th>Parameter #1</th><th>Parameter #2</th><th>Parameter #3</th><th>Parameter #4</th></tr><tr class="param stripe"><td>Maha</td><td>%^0)</td><td>56789</td><td>invalid</td></tr><tr><th colspan="4">Exception</th></tr><tr><td colspan="4"><div class="stacktrace">java.lang.AssertionError: Test didn&apos;t pass for invalid data it accepted the spl characters expected [false] but found [true]
	at SauceDemo_TestCases.TC006_CheckOutPageDDT.testCheckOutPage(TC006_CheckOutPageDDT.java:32)
	at java.base/java.util.ArrayList.forEach(ArrayList.java:1511)
... Removed 34 stack frames</div></td></tr></table><p class="totop"><a href="#summary">back to summary</a></p>
<h3 id="m9">SauceDemo_TestCases.TC006_CheckOutPageDDT#testCheckOutPage</h3><table class="result"><tr class="param"><th>Parameter #1</th><th>Parameter #2</th><th>Parameter #3</th><th>Parameter #4</th></tr><tr class="param stripe"><td>23WEE@#</td><td>vs</td><td>5678</td><td>invalid</td></tr><tr><th colspan="4">Exception</th></tr><tr><td colspan="4"><div class="stacktrace">java.lang.AssertionError: Test didn&apos;t pass for invalid data it accepted the spl characters expected [false] but found [true]
	at SauceDemo_TestCases.TC006_CheckOutPageDDT.testCheckOutPage(TC006_CheckOutPageDDT.java:32)
	at java.base/java.util.ArrayList.forEach(ArrayList.java:1511)
... Removed 34 stack frames</div></td></tr></table><p class="totop"><a href="#summary">back to summary</a></p>
<h3 id="m10">SauceDemo_TestCases.TC002_Productlisting#verifyProduvtTitleNavigation</h3><table class="result"><tr><th>Exception</th></tr><tr><td><div class="stacktrace">java.lang.Throwable: Method SauceDemo_TestCases.TC002_Productlisting.verifyProduvtTitleNavigation() on instance SauceDemo_TestCases.TC002_Productlisting@d62fe5b depends on not successfully finished methods 
[SauceDemo_TestCases.TC002_Productlisting.verifyProductImageNavigation() on instance SauceDemo_TestCases.TC002_Productlisting@d62fe5b]
	at java.base/java.util.ArrayList.forEach(ArrayList.java:1511)
... Removed 22 stack frames</div></td></tr></table><p class="totop"><a href="#summary">back to summary</a></p>
<h3 id="m11">SauceDemo_TestCases.TC004_Cartfunctionalites#addProductsUsingDesc</h3><table class="result"><tr><th>Exception</th></tr><tr><td><div class="stacktrace">java.lang.Throwable: Method SauceDemo_TestCases.TC004_Cartfunctionalites.addProductsUsingDesc() on instance SauceDemo_TestCases.TC004_Cartfunctionalites@4b40f651 depends on not successfully finished methods 
[SauceDemo_TestCases.TC004_Cartfunctionalites.addProductsToCart() on instance SauceDemo_TestCases.TC004_Cartfunctionalites@4b40f651]
	at java.base/java.util.ArrayList.forEach(ArrayList.java:1511)
... Removed 22 stack frames</div></td></tr></table><p class="totop"><a href="#summary">back to summary</a></p>
<h3 id="m12">SauceDemo_TestCases.TC004_Cartfunctionalites#cartPage</h3><table class="result"><tr><th>Exception</th></tr><tr><td><div class="stacktrace">java.lang.Throwable: Method SauceDemo_TestCases.TC004_Cartfunctionalites.cartPage() on instance SauceDemo_TestCases.TC004_Cartfunctionalites@4b40f651 depends on not successfully finished methods 
[SauceDemo_TestCases.TC004_Cartfunctionalites.addProductsUsingDesc() on instance SauceDemo_TestCases.TC004_Cartfunctionalites@4b40f651]
	at java.base/java.util.ArrayList.forEach(ArrayList.java:1511)
... Removed 22 stack frames</div></td></tr></table><p class="totop"><a href="#summary">back to summary</a></p>
<h3 id="m13">SauceDemo_TestCases.TC004_Cartfunctionalites#clickOnContinue</h3><table class="result"><tr><th>Exception</th></tr><tr><td><div class="stacktrace">java.lang.Throwable: Method SauceDemo_TestCases.TC004_Cartfunctionalites.clickOnContinue() on instance SauceDemo_TestCases.TC004_Cartfunctionalites@4b40f651 depends on not successfully finished methods 
[SauceDemo_TestCases.TC004_Cartfunctionalites.removeProductsFromCart() on instance SauceDemo_TestCases.TC004_Cartfunctionalites@4b40f651]
	at java.base/java.util.ArrayList.forEach(ArrayList.java:1511)
... Removed 22 stack frames</div></td></tr></table><p class="totop"><a href="#summary">back to summary</a></p>
<h3 id="m14">SauceDemo_TestCases.TC004_Cartfunctionalites#getNumberOfItems</h3><table class="result"><tr><th>Exception</th></tr><tr><td><div class="stacktrace">java.lang.Throwable: Method SauceDemo_TestCases.TC004_Cartfunctionalites.getNumberOfItems() on instance SauceDemo_TestCases.TC004_Cartfunctionalites@4b40f651 depends on not successfully finished methods 
[SauceDemo_TestCases.TC004_Cartfunctionalites.cartPage() on instance SauceDemo_TestCases.TC004_Cartfunctionalites@4b40f651]
	at java.base/java.util.ArrayList.forEach(ArrayList.java:1511)
... Removed 22 stack frames</div></td></tr></table><p class="totop"><a href="#summary">back to summary</a></p>
<h3 id="m15">SauceDemo_TestCases.TC004_Cartfunctionalites#refreshPage</h3><table class="result"><tr><th>Exception</th></tr><tr><td><div class="stacktrace">java.lang.Throwable: Method SauceDemo_TestCases.TC004_Cartfunctionalites.refreshPage() on instance SauceDemo_TestCases.TC004_Cartfunctionalites@4b40f651 depends on not successfully finished methods 
[SauceDemo_TestCases.TC004_Cartfunctionalites.clickOnContinue() on instance SauceDemo_TestCases.TC004_Cartfunctionalites@4b40f651]
	at java.base/java.util.ArrayList.forEach(ArrayList.java:1511)
... Removed 22 stack frames</div></td></tr></table><p class="totop"><a href="#summary">back to summary</a></p>
<h3 id="m16">SauceDemo_TestCases.TC004_Cartfunctionalites#removeProductsFromCart</h3><table class="result"><tr><th>Exception</th></tr><tr><td><div class="stacktrace">java.lang.Throwable: Method SauceDemo_TestCases.TC004_Cartfunctionalites.removeProductsFromCart() on instance SauceDemo_TestCases.TC004_Cartfunctionalites@4b40f651 depends on not successfully finished methods 
[SauceDemo_TestCases.TC004_Cartfunctionalites.getNumberOfItems() on instance SauceDemo_TestCases.TC004_Cartfunctionalites@4b40f651]
	at java.base/java.util.ArrayList.forEach(ArrayList.java:1511)
... Removed 22 stack frames</div></td></tr></table><p class="totop"><a href="#summary">back to summary</a></p>
<h3 id="m17">SauceDemo_TestCases.TC001_Login#adlogin</h3><table class="result"><tr class="param"><th>Parameter #1</th><th>Parameter #2</th><th>Parameter #3</th></tr><tr class="param stripe"><td>error_user</td><td>secret_</td><td>invalid</td></tr></table><p class="totop"><a href="#summary">back to summary</a></p>
<h3 id="m18">SauceDemo_TestCases.TC001_Login#adlogin</h3><table class="result"><tr class="param"><th>Parameter #1</th><th>Parameter #2</th><th>Parameter #3</th></tr><tr class="param stripe"><td>performance_glitch_us</td><td>secr</td><td>invalid</td></tr></table><p class="totop"><a href="#summary">back to summary</a></p>
<h3 id="m19">SauceDemo_TestCases.TC001_Login#adlogin</h3><table class="result"><tr class="param"><th>Parameter #1</th><th>Parameter #2</th><th>Parameter #3</th></tr><tr class="param stripe"><td>locked_out_</td><td>secret_sauce</td><td>invalid</td></tr></table><p class="totop"><a href="#summary">back to summary</a></p>
<h3 id="m20">SauceDemo_TestCases.TC001_Login#adlogin</h3><table class="result"><tr class="param"><th>Parameter #1</th><th>Parameter #2</th><th>Parameter #3</th></tr><tr class="param stripe"><td></td><td>secret_sauce</td><td>invalid</td></tr></table><p class="totop"><a href="#summary">back to summary</a></p>
<h3 id="m21">SauceDemo_TestCases.TC001_Login#adlogin</h3><table class="result"><tr class="param"><th>Parameter #1</th><th>Parameter #2</th><th>Parameter #3</th></tr><tr class="param stripe"><td>problem_uer</td><td>scret_sauce</td><td>invalid</td></tr></table><p class="totop"><a href="#summary">back to summary</a></p>
<h3 id="m22">SauceDemo_TestCases.TC001_Login#adlogin</h3><table class="result"><tr class="param"><th>Parameter #1</th><th>Parameter #2</th><th>Parameter #3</th></tr><tr class="param stripe"><td>visual_user</td><td></td><td>invalid</td></tr></table><p class="totop"><a href="#summary">back to summary</a></p>
<h3 id="m23">SauceDemo_TestCases.TC001_Login#adlogin</h3><table class="result"><tr class="param"><th>Parameter #1</th><th>Parameter #2</th><th>Parameter #3</th></tr><tr class="param stripe"><td>txt</td><td>txt</td><td>invalid</td></tr></table><p class="totop"><a href="#summary">back to summary</a></p>
<h3 id="m24">SauceDemo_TestCases.TC002_Productlisting#verifyProductImageExtensions</h3><table class="result"><tr><th class="invisible"/></tr></table><p class="totop"><a href="#summary">back to summary</a></p>
<h3 id="m25">SauceDemo_TestCases.TC002_Productlisting#verifyProductTitlesAreNotEmpty</h3><table class="result"><tr><th class="invisible"/></tr></table><p class="totop"><a href="#summary">back to summary</a></p>
<h3 id="m26">SauceDemo_TestCases.TC003_ProductFilters#selectionOfFilters</h3><table class="result"><tr><th class="invisible"/></tr></table><p class="totop"><a href="#summary">back to summary</a></p>
<h3 id="m27">SauceDemo_TestCases.TC003_ProductFilters#verifyDisplayOfDropdown</h3><table class="result"><tr><th class="invisible"/></tr></table><p class="totop"><a href="#summary">back to summary</a></p>
<h3 id="m28">SauceDemo_TestCases.TC005_EmptyCartpage#checkoutPageProducts</h3><table class="result"><tr><th class="invisible"/></tr></table><p class="totop"><a href="#summary">back to summary</a></p>
<h3 id="m29">SauceDemo_TestCases.TC006_CheckOutPageDDT#gotocart</h3><table class="result"><tr><th class="invisible"/></tr></table><p class="totop"><a href="#summary">back to summary</a></p>
<h3 id="m30">SauceDemo_TestCases.TC006_CheckOutPageDDT#testCheckOutPage</h3><table class="result"><tr class="param"><th>Parameter #1</th><th>Parameter #2</th><th>Parameter #3</th><th>Parameter #4</th></tr><tr class="param stripe"><td>Maha</td><td>Vs</td><td>56003</td><td>valid</td></tr></table><p class="totop"><a href="#summary">back to summary</a></p>
<h3 id="m31">SauceDemo_TestCases.TC007_CheckoutPage#navigateHomePage</h3><table class="result"><tr><th class="invisible"/></tr></table><p class="totop"><a href="#summary">back to summary</a></p>
<h3 id="m32">SauceDemo_TestCases.TC007_CheckoutPage#validateCancelCheckout</h3><table class="result"><tr><th class="invisible"/></tr></table><p class="totop"><a href="#summary">back to summary</a></p>
<h3 id="m33">SauceDemo_TestCases.TC007_CheckoutPage#validateEmptyZipCode</h3><table class="result"><tr><th class="invisible"/></tr></table><p class="totop"><a href="#summary">back to summary</a></p>
<h3 id="m34">SauceDemo_TestCases.TC007_CheckoutPage#validateFinishOrder</h3><table class="result"><tr><th class="invisible"/></tr></table><p class="totop"><a href="#summary">back to summary</a></p>
</body>
</html>
