<!DOCTYPE html>

<html>
  <head>
  <meta charset='utf-8'>
  <title>TestNG reports</title>

    <link type="text/css" href="testng-reports1.css" rel="stylesheet" id="ultra" />
    <link type="text/css" href="testng-reports.css" rel="stylesheet" id="retro" disabled="false"/>
    <script type="text/javascript" src="jquery-3.6.0.min.js"></script>
    <script type="text/javascript" src="testng-reports.js"></script>
    <script type="text/javascript" src="https://www.google.com/jsapi"></script>
    <script type='text/javascript'>
      google.load('visualization', '1', {packages:['table']});
      google.setOnLoadCallback(drawTable);
      var suiteTableInitFunctions = new Array();
      var suiteTableData = new Array();
    </script>
    <!--
      <script type="text/javascript" src="jquery-ui/js/jquery-ui-1.8.16.custom.min.js"></script>
     -->
  </head>

  <body>    <div class="top-banner-root">
      <span class="top-banner-title-font">Test results</span>
      <button id="button" class="button">Switch Retro Theme</button> <!-- button -->
      <br/>
      <span class="top-banner-font-1">1 suite, 10 failed tests</span>
    </div> <!-- top-banner-root -->
    <div class="navigator-root">
      <div class="navigator-suite-header">
        <span>All suites</span>
        <a href="#" title="Collapse/expand all the suites" class="collapse-all-link">
          <img src="collapseall.gif" class="collapse-all-icon">
          </img> <!-- collapse-all-icon -->
        </a> <!-- collapse-all-link -->
      </div> <!-- navigator-suite-header -->
      <div class="suite">
        <div class="rounded-window">
          <div class="suite-header light-rounded-window-top">
            <a href="#" panel-name="suite-Suite" class="navigator-link">
              <span class="suite-name border-failed">Suite</span>
            </a> <!-- navigator-link -->
          </div> <!-- suite-header light-rounded-window-top -->
          <div class="navigator-suite-content">
            <div class="suite-section-title">
              <span>Info</span>
            </div> <!-- suite-section-title -->
            <div class="suite-section-content">
              <ul>
                <li>
                  <a href="#" panel-name="test-xml-Suite" class="navigator-link ">
                    <span>D:\Javaprograming\TestAutomation1\masters.xml</span>
                  </a> <!-- navigator-link  -->
                </li>
                <li>
                  <a href="#" panel-name="testlist-Suite" class="navigator-link ">
                    <span class="test-stats">1 test</span>
                  </a> <!-- navigator-link  -->
                </li>
                <li>
                  <a href="#" panel-name="group-Suite" class="navigator-link ">
                    <span>1 group</span>
                  </a> <!-- navigator-link  -->
                </li>
                <li>
                  <a href="#" panel-name="times-Suite" class="navigator-link ">
                    <span>Times</span>
                  </a> <!-- navigator-link  -->
                </li>
                <li>
                  <a href="#" panel-name="reporter-Suite" class="navigator-link ">
                    <span>Reporter output</span>
                  </a> <!-- navigator-link  -->
                </li>
                <li>
                  <a href="#" panel-name="ignored-methods-Suite" class="navigator-link ">
                    <span>Ignored methods</span>
                  </a> <!-- navigator-link  -->
                </li>
                <li>
                  <a href="#" panel-name="chronological-Suite" class="navigator-link ">
                    <span>Chronological view</span>
                  </a> <!-- navigator-link  -->
                </li>
              </ul>
            </div> <!-- suite-section-content -->
            <div class="result-section">
              <div class="suite-section-title">
                <span>Results</span>
              </div> <!-- suite-section-title -->
              <div class="suite-section-content">
                <ul>
                  <li>
                    <span class="method-stats">35 methods, 10 failed,  7 skipped,  18 passed</span>
                  </li>
                  <li>
                    <span class="method-list-title failed">Failed methods</span>
                    <span class="show-or-hide-methods failed">
                      <a href="#" panel-name="suite-Suite" class="hide-methods failed suite-Suite"> (hide)</a> <!-- hide-methods failed suite-Suite -->
                      <a href="#" panel-name="suite-Suite" class="show-methods failed suite-Suite"> (show)</a> <!-- show-methods failed suite-Suite -->
                    </span>
                    <div class="method-list-content failed suite-Suite">
                      <span>
                        <img src="failed.png" width="3%"/>
                        <a href="#" panel-name="suite-Suite" title="SauceDemo_TestCases.TC004_Cartfunctionalites" class="method navigator-link" hash-for-method="addProductsToCart">addProductsToCart</a> <!-- method navigator-link -->
                      </span>
                      <br/>
                      <span>
                        <img src="failed.png" width="3%"/>
                        <a href="#" panel-name="suite-Suite" title="SauceDemo_TestCases.TC001_Login" class="method navigator-link" hash-for-method="adlogin(standard_user, secret_sauce, valid)">adlogin(standard_user, secret_sauce, valid)</a> <!-- method navigator-link -->
                      </span>
                      <br/>
                      <span>
                        <img src="failed.png" width="3%"/>
                        <a href="#" panel-name="suite-Suite" title="SauceDemo_TestCases.TC005_EmptyCartpage" class="method navigator-link" hash-for-method="emptyCartPage">emptyCartPage</a> <!-- method navigator-link -->
                      </span>
                      <br/>
                      <span>
                        <img src="failed.png" width="3%"/>
                        <a href="#" panel-name="suite-Suite" title="SauceDemo_TestCases.TC006_CheckOutPageDDT" class="method navigator-link" hash-for-method="testCheckOutPage($%, vs, 357890, invalid)">testCheckOutPage($%, vs, 357890, invalid)</a> <!-- method navigator-link -->
                      </span>
                      <br/>
                      <span>
                        <img src="failed.png" width="3%"/>
                        <a href="#" panel-name="suite-Suite" title="SauceDemo_TestCases.TC006_CheckOutPageDDT" class="method navigator-link" hash-for-method="testCheckOutPage(Maha, vs, !@#$, invalid)">testCheckOutPage(Maha, vs, !@#$, invalid)</a> <!-- method navigator-link -->
                      </span>
                      <br/>
                      <span>
                        <img src="failed.png" width="3%"/>
                        <a href="#" panel-name="suite-Suite" title="SauceDemo_TestCases.TC006_CheckOutPageDDT" class="method navigator-link" hash-for-method="testCheckOutPage(Maha, vs, WW234, invalid)">testCheckOutPage(Maha, vs, WW234, invalid)</a> <!-- method navigator-link -->
                      </span>
                      <br/>
                      <span>
                        <img src="failed.png" width="3%"/>
                        <a href="#" panel-name="suite-Suite" title="SauceDemo_TestCases.TC006_CheckOutPageDDT" class="method navigator-link" hash-for-method="testCheckOutPage(Maha, vs, #$&amp;*((, invalid)">testCheckOutPage(Maha, vs, #$&*((, invalid)</a> <!-- method navigator-link -->
                      </span>
                      <br/>
                      <span>
                        <img src="failed.png" width="3%"/>
                        <a href="#" panel-name="suite-Suite" title="SauceDemo_TestCases.TC006_CheckOutPageDDT" class="method navigator-link" hash-for-method="testCheckOutPage(Maha, %^0), 56789, invalid)">testCheckOutPage(Maha, %^0), 56789, invalid)</a> <!-- method navigator-link -->
                      </span>
                      <br/>
                      <span>
                        <img src="failed.png" width="3%"/>
                        <a href="#" panel-name="suite-Suite" title="SauceDemo_TestCases.TC006_CheckOutPageDDT" class="method navigator-link" hash-for-method="testCheckOutPage(23WEE@#, vs, 5678, invalid)">testCheckOutPage(23WEE@#, vs, 5678, invalid)</a> <!-- method navigator-link -->
                      </span>
                      <br/>
                      <span>
                        <img src="failed.png" width="3%"/>
                        <a href="#" panel-name="suite-Suite" title="SauceDemo_TestCases.TC002_Productlisting" class="method navigator-link" hash-for-method="verifyProductImageNavigation">verifyProductImageNavigation</a> <!-- method navigator-link -->
                      </span>
                      <br/>
                    </div> <!-- method-list-content failed suite-Suite -->
                  </li>
                  <li>
                    <span class="method-list-title skipped">Skipped methods</span>
                    <span class="show-or-hide-methods skipped">
                      <a href="#" panel-name="suite-Suite" class="hide-methods skipped suite-Suite"> (hide)</a> <!-- hide-methods skipped suite-Suite -->
                      <a href="#" panel-name="suite-Suite" class="show-methods skipped suite-Suite"> (show)</a> <!-- show-methods skipped suite-Suite -->
                    </span>
                    <div class="method-list-content skipped suite-Suite">
                      <span>
                        <img src="skipped.png" width="3%"/>
                        <a href="#" panel-name="suite-Suite" title="SauceDemo_TestCases.TC004_Cartfunctionalites" class="method navigator-link" hash-for-method="addProductsUsingDesc">addProductsUsingDesc</a> <!-- method navigator-link -->
                      </span>
                      <br/>
                      <span>
                        <img src="skipped.png" width="3%"/>
                        <a href="#" panel-name="suite-Suite" title="SauceDemo_TestCases.TC004_Cartfunctionalites" class="method navigator-link" hash-for-method="cartPage">cartPage</a> <!-- method navigator-link -->
                      </span>
                      <br/>
                      <span>
                        <img src="skipped.png" width="3%"/>
                        <a href="#" panel-name="suite-Suite" title="SauceDemo_TestCases.TC004_Cartfunctionalites" class="method navigator-link" hash-for-method="clickOnContinue">clickOnContinue</a> <!-- method navigator-link -->
                      </span>
                      <br/>
                      <span>
                        <img src="skipped.png" width="3%"/>
                        <a href="#" panel-name="suite-Suite" title="SauceDemo_TestCases.TC004_Cartfunctionalites" class="method navigator-link" hash-for-method="getNumberOfItems">getNumberOfItems</a> <!-- method navigator-link -->
                      </span>
                      <br/>
                      <span>
                        <img src="skipped.png" width="3%"/>
                        <a href="#" panel-name="suite-Suite" title="SauceDemo_TestCases.TC004_Cartfunctionalites" class="method navigator-link" hash-for-method="refreshPage">refreshPage</a> <!-- method navigator-link -->
                      </span>
                      <br/>
                      <span>
                        <img src="skipped.png" width="3%"/>
                        <a href="#" panel-name="suite-Suite" title="SauceDemo_TestCases.TC004_Cartfunctionalites" class="method navigator-link" hash-for-method="removeProductsFromCart">removeProductsFromCart</a> <!-- method navigator-link -->
                      </span>
                      <br/>
                      <span>
                        <img src="skipped.png" width="3%"/>
                        <a href="#" panel-name="suite-Suite" title="SauceDemo_TestCases.TC002_Productlisting" class="method navigator-link" hash-for-method="verifyProduvtTitleNavigation">verifyProduvtTitleNavigation</a> <!-- method navigator-link -->
                      </span>
                      <br/>
                    </div> <!-- method-list-content skipped suite-Suite -->
                  </li>
                  <li>
                    <span class="method-list-title passed">Passed methods</span>
                    <span class="show-or-hide-methods passed">
                      <a href="#" panel-name="suite-Suite" class="hide-methods passed suite-Suite"> (hide)</a> <!-- hide-methods passed suite-Suite -->
                      <a href="#" panel-name="suite-Suite" class="show-methods passed suite-Suite"> (show)</a> <!-- show-methods passed suite-Suite -->
                    </span>
                    <div class="method-list-content passed suite-Suite">
                      <span>
                        <img src="passed.png" width="3%"/>
                        <a href="#" panel-name="suite-Suite" title="SauceDemo_TestCases.TC001_Login" class="method navigator-link" hash-for-method="adlogin(error_user, secret_, invalid)">adlogin(error_user, secret_, invalid)</a> <!-- method navigator-link -->
                      </span>
                      <br/>
                      <span>
                        <img src="passed.png" width="3%"/>
                        <a href="#" panel-name="suite-Suite" title="SauceDemo_TestCases.TC001_Login" class="method navigator-link" hash-for-method="adlogin(performance_glitch_us, secr, invalid)">adlogin(performance_glitch_us, secr, invalid)</a> <!-- method navigator-link -->
                      </span>
                      <br/>
                      <span>
                        <img src="passed.png" width="3%"/>
                        <a href="#" panel-name="suite-Suite" title="SauceDemo_TestCases.TC001_Login" class="method navigator-link" hash-for-method="adlogin(locked_out_, secret_sauce, invalid)">adlogin(locked_out_, secret_sauce, invalid)</a> <!-- method navigator-link -->
                      </span>
                      <br/>
                      <span>
                        <img src="passed.png" width="3%"/>
                        <a href="#" panel-name="suite-Suite" title="SauceDemo_TestCases.TC001_Login" class="method navigator-link" hash-for-method="adlogin(, secret_sauce, invalid)">adlogin(, secret_sauce, invalid)</a> <!-- method navigator-link -->
                      </span>
                      <br/>
                      <span>
                        <img src="passed.png" width="3%"/>
                        <a href="#" panel-name="suite-Suite" title="SauceDemo_TestCases.TC001_Login" class="method navigator-link" hash-for-method="adlogin(problem_uer, scret_sauce, invalid)">adlogin(problem_uer, scret_sauce, invalid)</a> <!-- method navigator-link -->
                      </span>
                      <br/>
                      <span>
                        <img src="passed.png" width="3%"/>
                        <a href="#" panel-name="suite-Suite" title="SauceDemo_TestCases.TC001_Login" class="method navigator-link" hash-for-method="adlogin(visual_user, , invalid)">adlogin(visual_user, , invalid)</a> <!-- method navigator-link -->
                      </span>
                      <br/>
                      <span>
                        <img src="passed.png" width="3%"/>
                        <a href="#" panel-name="suite-Suite" title="SauceDemo_TestCases.TC001_Login" class="method navigator-link" hash-for-method="adlogin(txt, txt, invalid)">adlogin(txt, txt, invalid)</a> <!-- method navigator-link -->
                      </span>
                      <br/>
                      <span>
                        <img src="passed.png" width="3%"/>
                        <a href="#" panel-name="suite-Suite" title="SauceDemo_TestCases.TC005_EmptyCartpage" class="method navigator-link" hash-for-method="checkoutPageProducts">checkoutPageProducts</a> <!-- method navigator-link -->
                      </span>
                      <br/>
                      <span>
                        <img src="passed.png" width="3%"/>
                        <a href="#" panel-name="suite-Suite" title="SauceDemo_TestCases.TC006_CheckOutPageDDT" class="method navigator-link" hash-for-method="gotocart">gotocart</a> <!-- method navigator-link -->
                      </span>
                      <br/>
                      <span>
                        <img src="passed.png" width="3%"/>
                        <a href="#" panel-name="suite-Suite" title="SauceDemo_TestCases.TC007_CheckoutPage" class="method navigator-link" hash-for-method="navigateHomePage">navigateHomePage</a> <!-- method navigator-link -->
                      </span>
                      <br/>
                      <span>
                        <img src="passed.png" width="3%"/>
                        <a href="#" panel-name="suite-Suite" title="SauceDemo_TestCases.TC003_ProductFilters" class="method navigator-link" hash-for-method="selectionOfFilters">selectionOfFilters</a> <!-- method navigator-link -->
                      </span>
                      <br/>
                      <span>
                        <img src="passed.png" width="3%"/>
                        <a href="#" panel-name="suite-Suite" title="SauceDemo_TestCases.TC006_CheckOutPageDDT" class="method navigator-link" hash-for-method="testCheckOutPage(Maha, Vs, 56003, valid)">testCheckOutPage(Maha, Vs, 56003, valid)</a> <!-- method navigator-link -->
                      </span>
                      <br/>
                      <span>
                        <img src="passed.png" width="3%"/>
                        <a href="#" panel-name="suite-Suite" title="SauceDemo_TestCases.TC007_CheckoutPage" class="method navigator-link" hash-for-method="validateCancelCheckout">validateCancelCheckout</a> <!-- method navigator-link -->
                      </span>
                      <br/>
                      <span>
                        <img src="passed.png" width="3%"/>
                        <a href="#" panel-name="suite-Suite" title="SauceDemo_TestCases.TC007_CheckoutPage" class="method navigator-link" hash-for-method="validateEmptyZipCode">validateEmptyZipCode</a> <!-- method navigator-link -->
                      </span>
                      <br/>
                      <span>
                        <img src="passed.png" width="3%"/>
                        <a href="#" panel-name="suite-Suite" title="SauceDemo_TestCases.TC007_CheckoutPage" class="method navigator-link" hash-for-method="validateFinishOrder">validateFinishOrder</a> <!-- method navigator-link -->
                      </span>
                      <br/>
                      <span>
                        <img src="passed.png" width="3%"/>
                        <a href="#" panel-name="suite-Suite" title="SauceDemo_TestCases.TC003_ProductFilters" class="method navigator-link" hash-for-method="verifyDisplayOfDropdown">verifyDisplayOfDropdown</a> <!-- method navigator-link -->
                      </span>
                      <br/>
                      <span>
                        <img src="passed.png" width="3%"/>
                        <a href="#" panel-name="suite-Suite" title="SauceDemo_TestCases.TC002_Productlisting" class="method navigator-link" hash-for-method="verifyProductImageExtensions">verifyProductImageExtensions</a> <!-- method navigator-link -->
                      </span>
                      <br/>
                      <span>
                        <img src="passed.png" width="3%"/>
                        <a href="#" panel-name="suite-Suite" title="SauceDemo_TestCases.TC002_Productlisting" class="method navigator-link" hash-for-method="verifyProductTitlesAreNotEmpty">verifyProductTitlesAreNotEmpty</a> <!-- method navigator-link -->
                      </span>
                      <br/>
                    </div> <!-- method-list-content passed suite-Suite -->
                  </li>
                </ul>
              </div> <!-- suite-section-content -->
            </div> <!-- result-section -->
          </div> <!-- navigator-suite-content -->
        </div> <!-- rounded-window -->
      </div> <!-- suite -->
    </div> <!-- navigator-root -->
    <div class="wrapper">
      <div class="main-panel-root">
        <div panel-name="suite-Suite" class="panel Suite">
          <div class="suite-Suite-class-failed">
            <div class="main-panel-header rounded-window-top">
              <img src="failed.png"/>
              <span class="class-name">SauceDemo_TestCases.TC001_Login</span>
            </div> <!-- main-panel-header rounded-window-top -->
            <div class="main-panel-content rounded-window-bottom">
              <div class="method">
                <div class="method-content">
                  <a name="adlogin(standard_user, secret_sauce, valid)">
                  </a> <!-- adlogin(standard_user, secret_sauce, valid) -->
                  <span class="method-name">adlogin</span>
                  <span class="parameters">(standard_user,secret_sauce,valid)</span>
                  <div class="stack-trace">org.openqa.selenium.ElementNotInteractableException: element not interactable
  (Session info: chrome=143.0.7499.194)
Build info: version: &apos;4.38.0&apos;, revision: &apos;6b412e825c*&apos;
System info: os.name: &apos;Windows 11&apos;, os.arch: &apos;amd64&apos;, os.version: &apos;10.0&apos;, java.version: &apos;17.0.10&apos;
Driver info: org.openqa.selenium.chrome.ChromeDriver
Command: [db8bdea513b8201752ce4ca3a6eaa006, clickElement {id=f.B296722260F2DBD086F301F64F7EB493.d.5CACF4CA86F4EA86C27FD40F54FB8A63.e.49}]
Capabilities {acceptInsecureCerts: false, browserName: chrome, browserVersion: 143.0.7499.194, chrome: {chromedriverVersion: 143.0.7499.192 (be2c1f4fd45..., userDataDir: C:\Users\MAHALA~1.VS\AppDat...}, fedcm:accounts: true, goog:chromeOptions: {debuggerAddress: localhost:65510}, goog:processID: 26284, networkConnectionEnabled: false, pageLoadStrategy: normal, platformName: windows, proxy: Proxy(), se:cdp: ws://localhost:65510/devtoo..., se:cdpVersion: 143.0.7499.194, setWindowRect: true, strictFileInteractability: false, timeouts: {implicit: 0, pageLoad: 300000, script: 30000}, unhandledPromptBehavior: dismiss and notify, webauthn:extension:credBlob: true, webauthn:extension:largeBlob: true, webauthn:extension:minPinLength: true, webauthn:extension:prf: true, webauthn:virtualAuthenticators: true}
Element: [[ChromeDriver: chrome on windows (db8bdea513b8201752ce4ca3a6eaa006)] -&gt; xpath: //a[contains(text(),&apos;Logout&apos;)]]
Session ID: db8bdea513b8201752ce4ca3a6eaa006
	at org.openqa.selenium.remote.ErrorCodec.decode(ErrorCodec.java:167)
	at org.openqa.selenium.remote.codec.w3c.W3CHttpResponseCodec.decode(W3CHttpResponseCodec.java:138)
	at org.openqa.selenium.remote.codec.w3c.W3CHttpResponseCodec.decode(W3CHttpResponseCodec.java:50)
	at org.openqa.selenium.remote.HttpCommandExecutor.execute(HttpCommandExecutor.java:215)
	at org.openqa.selenium.remote.service.DriverCommandExecutor.invokeExecute(DriverCommandExecutor.java:216)
	at org.openqa.selenium.remote.service.DriverCommandExecutor.execute(DriverCommandExecutor.java:174)
	at org.openqa.selenium.remote.RemoteWebDriver.execute(RemoteWebDriver.java:557)
	at org.openqa.selenium.remote.RemoteWebElement.execute(RemoteWebElement.java:223)
	at org.openqa.selenium.remote.RemoteWebElement.click(RemoteWebElement.java:76)
	at org.openqa.selenium.support.pagefactory.internal.LocatingElementHandler.invoke(LocatingElementHandler.java:51)
	at jdk.proxy2/jdk.proxy2.$Proxy13.click(Unknown Source)
	at pageObjects.Sidemenu.clickonlogout(Sidemenu.java:28)
	at SauceDemo_TestCases.TC001_Login.adlogin(TC001_Login.java:26)
	at java.base/java.util.ArrayList.forEach(ArrayList.java:1511)
... Removed 40 stack frames
</div> <!-- stack-trace -->
                </div> <!-- method-content -->
              </div> <!-- method -->
            </div> <!-- main-panel-content rounded-window-bottom -->
          </div> <!-- suite-Suite-class-failed -->
          <div class="suite-Suite-class-failed">
            <div class="main-panel-header rounded-window-top">
              <img src="failed.png"/>
              <span class="class-name">SauceDemo_TestCases.TC006_CheckOutPageDDT</span>
            </div> <!-- main-panel-header rounded-window-top -->
            <div class="main-panel-content rounded-window-bottom">
              <div class="method">
                <div class="method-content">
                  <a name="testCheckOutPage($%, vs, 357890, invalid)">
                  </a> <!-- testCheckOutPage($%, vs, 357890, invalid) -->
                  <span class="method-name">testCheckOutPage</span>
                  <span class="parameters">($%,vs,357890,invalid)</span>
                  <div class="stack-trace">java.lang.AssertionError: Test didn&apos;t pass for invalid data it accepted the spl characters expected [false] but found [true]
	at SauceDemo_TestCases.TC006_CheckOutPageDDT.testCheckOutPage(TC006_CheckOutPageDDT.java:32)
	at java.base/java.util.ArrayList.forEach(ArrayList.java:1511)
... Removed 34 stack frames
</div> <!-- stack-trace -->
                </div> <!-- method-content -->
              </div> <!-- method -->
              <div class="method">
                <div class="method-content">
                  <a name="testCheckOutPage(Maha, vs, !@#$, invalid)">
                  </a> <!-- testCheckOutPage(Maha, vs, !@#$, invalid) -->
                  <span class="method-name">testCheckOutPage</span>
                  <span class="parameters">(Maha,vs,!@#$,invalid)</span>
                  <div class="stack-trace">java.lang.AssertionError: Test didn&apos;t pass for invalid data it accepted the spl characters expected [false] but found [true]
	at SauceDemo_TestCases.TC006_CheckOutPageDDT.testCheckOutPage(TC006_CheckOutPageDDT.java:32)
	at java.base/java.util.ArrayList.forEach(ArrayList.java:1511)
... Removed 34 stack frames
</div> <!-- stack-trace -->
                </div> <!-- method-content -->
              </div> <!-- method -->
              <div class="method">
                <div class="method-content">
                  <a name="testCheckOutPage(Maha, vs, WW234, invalid)">
                  </a> <!-- testCheckOutPage(Maha, vs, WW234, invalid) -->
                  <span class="method-name">testCheckOutPage</span>
                  <span class="parameters">(Maha,vs,WW234,invalid)</span>
                  <div class="stack-trace">java.lang.AssertionError: Test didn&apos;t pass for invalid data it accepted the spl characters expected [false] but found [true]
	at SauceDemo_TestCases.TC006_CheckOutPageDDT.testCheckOutPage(TC006_CheckOutPageDDT.java:32)
	at java.base/java.util.ArrayList.forEach(ArrayList.java:1511)
... Removed 34 stack frames
</div> <!-- stack-trace -->
                </div> <!-- method-content -->
              </div> <!-- method -->
              <div class="method">
                <div class="method-content">
                  <a name="testCheckOutPage(Maha, vs, #$&amp;*((, invalid)">
                  </a> <!-- testCheckOutPage(Maha, vs, #$&*((, invalid) -->
                  <span class="method-name">testCheckOutPage</span>
                  <span class="parameters">(Maha,vs,#$&*((,invalid)</span>
                  <div class="stack-trace">java.lang.AssertionError: Test didn&apos;t pass for invalid data it accepted the spl characters expected [false] but found [true]
	at SauceDemo_TestCases.TC006_CheckOutPageDDT.testCheckOutPage(TC006_CheckOutPageDDT.java:32)
	at java.base/java.util.ArrayList.forEach(ArrayList.java:1511)
... Removed 34 stack frames
</div> <!-- stack-trace -->
                </div> <!-- method-content -->
              </div> <!-- method -->
              <div class="method">
                <div class="method-content">
                  <a name="testCheckOutPage(Maha, %^0), 56789, invalid)">
                  </a> <!-- testCheckOutPage(Maha, %^0), 56789, invalid) -->
                  <span class="method-name">testCheckOutPage</span>
                  <span class="parameters">(Maha,%^0),56789,invalid)</span>
                  <div class="stack-trace">java.lang.AssertionError: Test didn&apos;t pass for invalid data it accepted the spl characters expected [false] but found [true]
	at SauceDemo_TestCases.TC006_CheckOutPageDDT.testCheckOutPage(TC006_CheckOutPageDDT.java:32)
	at java.base/java.util.ArrayList.forEach(ArrayList.java:1511)
... Removed 34 stack frames
</div> <!-- stack-trace -->
                </div> <!-- method-content -->
              </div> <!-- method -->
              <div class="method">
                <div class="method-content">
                  <a name="testCheckOutPage(23WEE@#, vs, 5678, invalid)">
                  </a> <!-- testCheckOutPage(23WEE@#, vs, 5678, invalid) -->
                  <span class="method-name">testCheckOutPage</span>
                  <span class="parameters">(23WEE@#,vs,5678,invalid)</span>
                  <div class="stack-trace">java.lang.AssertionError: Test didn&apos;t pass for invalid data it accepted the spl characters expected [false] but found [true]
	at SauceDemo_TestCases.TC006_CheckOutPageDDT.testCheckOutPage(TC006_CheckOutPageDDT.java:32)
	at java.base/java.util.ArrayList.forEach(ArrayList.java:1511)
... Removed 34 stack frames
</div> <!-- stack-trace -->
                </div> <!-- method-content -->
              </div> <!-- method -->
            </div> <!-- main-panel-content rounded-window-bottom -->
          </div> <!-- suite-Suite-class-failed -->
          <div class="suite-Suite-class-failed">
            <div class="main-panel-header rounded-window-top">
              <img src="failed.png"/>
              <span class="class-name">SauceDemo_TestCases.TC004_Cartfunctionalites</span>
            </div> <!-- main-panel-header rounded-window-top -->
            <div class="main-panel-content rounded-window-bottom">
              <div class="method">
                <div class="method-content">
                  <a name="addProductsToCart">
                  </a> <!-- addProductsToCart -->
                  <span class="method-name">addProductsToCart</span>
                  <div class="stack-trace">org.openqa.selenium.NoSuchElementException: no such element: Unable to locate element: {&quot;method&quot;:&quot;xpath&quot;,&quot;selector&quot;:&quot;//span[@class=&apos;shopping_cart_badge&apos;]&quot;}
  (Session info: chrome=143.0.7499.194)
For documentation on this error, please visit: https://www.selenium.dev/documentation/webdriver/troubleshooting/errors#nosuchelementexception
Build info: version: &apos;4.38.0&apos;, revision: &apos;6b412e825c*&apos;
System info: os.name: &apos;Windows 11&apos;, os.arch: &apos;amd64&apos;, os.version: &apos;10.0&apos;, java.version: &apos;17.0.10&apos;
Driver info: org.openqa.selenium.chrome.ChromeDriver
Command: [c068456621c82b4ea626b4ccb3af6f6d, findElement {using=xpath, value=//span[@class=&apos;shopping_cart_badge&apos;]}]
Capabilities {acceptInsecureCerts: false, browserName: chrome, browserVersion: 143.0.7499.194, chrome: {chromedriverVersion: 143.0.7499.192 (be2c1f4fd45..., userDataDir: C:\Users\MAHALA~1.VS\AppDat...}, fedcm:accounts: true, goog:chromeOptions: {debuggerAddress: localhost:64849}, goog:processID: 27544, networkConnectionEnabled: false, pageLoadStrategy: normal, platformName: windows, proxy: Proxy(), se:cdp: ws://localhost:64849/devtoo..., se:cdpVersion: 143.0.7499.194, setWindowRect: true, strictFileInteractability: false, timeouts: {implicit: 0, pageLoad: 300000, script: 30000}, unhandledPromptBehavior: dismiss and notify, webauthn:extension:credBlob: true, webauthn:extension:largeBlob: true, webauthn:extension:minPinLength: true, webauthn:extension:prf: true, webauthn:virtualAuthenticators: true}
Session ID: c068456621c82b4ea626b4ccb3af6f6d
	at org.openqa.selenium.remote.ErrorCodec.decode(ErrorCodec.java:167)
	at org.openqa.selenium.remote.codec.w3c.W3CHttpResponseCodec.decode(W3CHttpResponseCodec.java:138)
	at org.openqa.selenium.remote.codec.w3c.W3CHttpResponseCodec.decode(W3CHttpResponseCodec.java:50)
	at org.openqa.selenium.remote.HttpCommandExecutor.execute(HttpCommandExecutor.java:215)
	at org.openqa.selenium.remote.service.DriverCommandExecutor.invokeExecute(DriverCommandExecutor.java:216)
	at org.openqa.selenium.remote.service.DriverCommandExecutor.execute(DriverCommandExecutor.java:174)
	at org.openqa.selenium.remote.RemoteWebDriver.execute(RemoteWebDriver.java:557)
	at org.openqa.selenium.remote.ElementLocation$ElementFinder$2.findElement(ElementLocation.java:165)
	at org.openqa.selenium.remote.ElementLocation.findElement(ElementLocation.java:59)
	at org.openqa.selenium.remote.RemoteWebDriver.findElement(RemoteWebDriver.java:380)
	at org.openqa.selenium.remote.RemoteWebDriver.findElement(RemoteWebDriver.java:374)
	at org.openqa.selenium.support.pagefactory.DefaultElementLocator.findElement(DefaultElementLocator.java:68)
	at org.openqa.selenium.support.pagefactory.internal.LocatingElementHandler.invoke(LocatingElementHandler.java:38)
	at jdk.proxy2/jdk.proxy2.$Proxy13.isDisplayed(Unknown Source)
	at pageObjects.ProductsListing.isbadgeDisplayed(ProductsListing.java:124)
	at SauceDemo_TestCases.TC004_Cartfunctionalites.addProductsToCart(TC004_Cartfunctionalites.java:11)
	at java.base/java.util.ArrayList.forEach(ArrayList.java:1511)
... Removed 35 stack frames
</div> <!-- stack-trace -->
                </div> <!-- method-content -->
              </div> <!-- method -->
            </div> <!-- main-panel-content rounded-window-bottom -->
          </div> <!-- suite-Suite-class-failed -->
          <div class="suite-Suite-class-failed">
            <div class="main-panel-header rounded-window-top">
              <img src="failed.png"/>
              <span class="class-name">SauceDemo_TestCases.TC002_Productlisting</span>
            </div> <!-- main-panel-header rounded-window-top -->
            <div class="main-panel-content rounded-window-bottom">
              <div class="method">
                <div class="method-content">
                  <a name="verifyProductImageNavigation">
                  </a> <!-- verifyProductImageNavigation -->
                  <span class="method-name">verifyProductImageNavigation</span>
                  <div class="stack-trace">java.lang.AssertionError: Test failed becoz the url was not containing the Expected Parameters expected [true] but found [false]
	at SauceDemo_TestCases.TC002_Productlisting.verifyProductImageNavigation(TC002_Productlisting.java:39)
	at java.base/java.util.ArrayList.forEach(ArrayList.java:1511)
... Removed 34 stack frames
</div> <!-- stack-trace -->
                </div> <!-- method-content -->
              </div> <!-- method -->
            </div> <!-- main-panel-content rounded-window-bottom -->
          </div> <!-- suite-Suite-class-failed -->
          <div class="suite-Suite-class-failed">
            <div class="main-panel-header rounded-window-top">
              <img src="failed.png"/>
              <span class="class-name">SauceDemo_TestCases.TC005_EmptyCartpage</span>
            </div> <!-- main-panel-header rounded-window-top -->
            <div class="main-panel-content rounded-window-bottom">
              <div class="method">
                <div class="method-content">
                  <a name="emptyCartPage">
                  </a> <!-- emptyCartPage -->
                  <span class="method-name">emptyCartPage</span>
                  <div class="stack-trace">java.lang.AssertionError: expected [false] but found [true]
	at SauceDemo_TestCases.TC005_EmptyCartpage.emptyCartPage(TC005_EmptyCartpage.java:16)
	at java.base/java.util.ArrayList.forEach(ArrayList.java:1511)
... Removed 38 stack frames
</div> <!-- stack-trace -->
                </div> <!-- method-content -->
              </div> <!-- method -->
            </div> <!-- main-panel-content rounded-window-bottom -->
          </div> <!-- suite-Suite-class-failed -->
          <div class="suite-Suite-class-skipped">
            <div class="main-panel-header rounded-window-top">
              <img src="skipped.png"/>
              <span class="class-name">SauceDemo_TestCases.TC004_Cartfunctionalites</span>
            </div> <!-- main-panel-header rounded-window-top -->
            <div class="main-panel-content rounded-window-bottom">
              <div class="method">
                <div class="method-content">
                  <a name="addProductsUsingDesc">
                  </a> <!-- addProductsUsingDesc -->
                  <span class="method-name">addProductsUsingDesc</span>
                  <div class="stack-trace">java.lang.Throwable: Method SauceDemo_TestCases.TC004_Cartfunctionalites.addProductsUsingDesc() on instance SauceDemo_TestCases.TC004_Cartfunctionalites@4b40f651 depends on not successfully finished methods 
[SauceDemo_TestCases.TC004_Cartfunctionalites.addProductsToCart() on instance SauceDemo_TestCases.TC004_Cartfunctionalites@4b40f651]
	at java.base/java.util.ArrayList.forEach(ArrayList.java:1511)
... Removed 22 stack frames
</div> <!-- stack-trace -->
                </div> <!-- method-content -->
              </div> <!-- method -->
              <div class="method">
                <div class="method-content">
                  <a name="cartPage">
                  </a> <!-- cartPage -->
                  <span class="method-name">cartPage</span>
                  <div class="stack-trace">java.lang.Throwable: Method SauceDemo_TestCases.TC004_Cartfunctionalites.cartPage() on instance SauceDemo_TestCases.TC004_Cartfunctionalites@4b40f651 depends on not successfully finished methods 
[SauceDemo_TestCases.TC004_Cartfunctionalites.addProductsUsingDesc() on instance SauceDemo_TestCases.TC004_Cartfunctionalites@4b40f651]
	at java.base/java.util.ArrayList.forEach(ArrayList.java:1511)
... Removed 22 stack frames
</div> <!-- stack-trace -->
                </div> <!-- method-content -->
              </div> <!-- method -->
              <div class="method">
                <div class="method-content">
                  <a name="clickOnContinue">
                  </a> <!-- clickOnContinue -->
                  <span class="method-name">clickOnContinue</span>
                  <div class="stack-trace">java.lang.Throwable: Method SauceDemo_TestCases.TC004_Cartfunctionalites.clickOnContinue() on instance SauceDemo_TestCases.TC004_Cartfunctionalites@4b40f651 depends on not successfully finished methods 
[SauceDemo_TestCases.TC004_Cartfunctionalites.removeProductsFromCart() on instance SauceDemo_TestCases.TC004_Cartfunctionalites@4b40f651]
	at java.base/java.util.ArrayList.forEach(ArrayList.java:1511)
... Removed 22 stack frames
</div> <!-- stack-trace -->
                </div> <!-- method-content -->
              </div> <!-- method -->
              <div class="method">
                <div class="method-content">
                  <a name="getNumberOfItems">
                  </a> <!-- getNumberOfItems -->
                  <span class="method-name">getNumberOfItems</span>
                  <div class="stack-trace">java.lang.Throwable: Method SauceDemo_TestCases.TC004_Cartfunctionalites.getNumberOfItems() on instance SauceDemo_TestCases.TC004_Cartfunctionalites@4b40f651 depends on not successfully finished methods 
[SauceDemo_TestCases.TC004_Cartfunctionalites.cartPage() on instance SauceDemo_TestCases.TC004_Cartfunctionalites@4b40f651]
	at java.base/java.util.ArrayList.forEach(ArrayList.java:1511)
... Removed 22 stack frames
</div> <!-- stack-trace -->
                </div> <!-- method-content -->
              </div> <!-- method -->
              <div class="method">
                <div class="method-content">
                  <a name="refreshPage">
                  </a> <!-- refreshPage -->
                  <span class="method-name">refreshPage</span>
                  <div class="stack-trace">java.lang.Throwable: Method SauceDemo_TestCases.TC004_Cartfunctionalites.refreshPage() on instance SauceDemo_TestCases.TC004_Cartfunctionalites@4b40f651 depends on not successfully finished methods 
[SauceDemo_TestCases.TC004_Cartfunctionalites.clickOnContinue() on instance SauceDemo_TestCases.TC004_Cartfunctionalites@4b40f651]
	at java.base/java.util.ArrayList.forEach(ArrayList.java:1511)
... Removed 22 stack frames
</div> <!-- stack-trace -->
                </div> <!-- method-content -->
              </div> <!-- method -->
              <div class="method">
                <div class="method-content">
                  <a name="removeProductsFromCart">
                  </a> <!-- removeProductsFromCart -->
                  <span class="method-name">removeProductsFromCart</span>
                  <div class="stack-trace">java.lang.Throwable: Method SauceDemo_TestCases.TC004_Cartfunctionalites.removeProductsFromCart() on instance SauceDemo_TestCases.TC004_Cartfunctionalites@4b40f651 depends on not successfully finished methods 
[SauceDemo_TestCases.TC004_Cartfunctionalites.getNumberOfItems() on instance SauceDemo_TestCases.TC004_Cartfunctionalites@4b40f651]
	at java.base/java.util.ArrayList.forEach(ArrayList.java:1511)
... Removed 22 stack frames
</div> <!-- stack-trace -->
                </div> <!-- method-content -->
              </div> <!-- method -->
            </div> <!-- main-panel-content rounded-window-bottom -->
          </div> <!-- suite-Suite-class-skipped -->
          <div class="suite-Suite-class-skipped">
            <div class="main-panel-header rounded-window-top">
              <img src="skipped.png"/>
              <span class="class-name">SauceDemo_TestCases.TC002_Productlisting</span>
            </div> <!-- main-panel-header rounded-window-top -->
            <div class="main-panel-content rounded-window-bottom">
              <div class="method">
                <div class="method-content">
                  <a name="verifyProduvtTitleNavigation">
                  </a> <!-- verifyProduvtTitleNavigation -->
                  <span class="method-name">verifyProduvtTitleNavigation</span>
                  <div class="stack-trace">java.lang.Throwable: Method SauceDemo_TestCases.TC002_Productlisting.verifyProduvtTitleNavigation() on instance SauceDemo_TestCases.TC002_Productlisting@d62fe5b depends on not successfully finished methods 
[SauceDemo_TestCases.TC002_Productlisting.verifyProductImageNavigation() on instance SauceDemo_TestCases.TC002_Productlisting@d62fe5b]
	at java.base/java.util.ArrayList.forEach(ArrayList.java:1511)
... Removed 22 stack frames
</div> <!-- stack-trace -->
                </div> <!-- method-content -->
              </div> <!-- method -->
            </div> <!-- main-panel-content rounded-window-bottom -->
          </div> <!-- suite-Suite-class-skipped -->
          <div class="suite-Suite-class-passed">
            <div class="main-panel-header rounded-window-top">
              <img src="passed.png"/>
              <span class="class-name">SauceDemo_TestCases.TC007_CheckoutPage</span>
            </div> <!-- main-panel-header rounded-window-top -->
            <div class="main-panel-content rounded-window-bottom">
              <div class="method">
                <div class="method-content">
                  <a name="navigateHomePage">
                  </a> <!-- navigateHomePage -->
                  <span class="method-name">navigateHomePage</span>
                </div> <!-- method-content -->
              </div> <!-- method -->
              <div class="method">
                <div class="method-content">
                  <a name="validateCancelCheckout">
                  </a> <!-- validateCancelCheckout -->
                  <span class="method-name">validateCancelCheckout</span>
                </div> <!-- method-content -->
              </div> <!-- method -->
              <div class="method">
                <div class="method-content">
                  <a name="validateEmptyZipCode">
                  </a> <!-- validateEmptyZipCode -->
                  <span class="method-name">validateEmptyZipCode</span>
                </div> <!-- method-content -->
              </div> <!-- method -->
              <div class="method">
                <div class="method-content">
                  <a name="validateFinishOrder">
                  </a> <!-- validateFinishOrder -->
                  <span class="method-name">validateFinishOrder</span>
                </div> <!-- method-content -->
              </div> <!-- method -->
            </div> <!-- main-panel-content rounded-window-bottom -->
          </div> <!-- suite-Suite-class-passed -->
          <div class="suite-Suite-class-passed">
            <div class="main-panel-header rounded-window-top">
              <img src="passed.png"/>
              <span class="class-name">SauceDemo_TestCases.TC001_Login</span>
            </div> <!-- main-panel-header rounded-window-top -->
            <div class="main-panel-content rounded-window-bottom">
              <div class="method">
                <div class="method-content">
                  <a name="adlogin(error_user, secret_, invalid)">
                  </a> <!-- adlogin(error_user, secret_, invalid) -->
                  <span class="method-name">adlogin</span>
                  <span class="parameters">(error_user,secret_,invalid)</span>
                </div> <!-- method-content -->
              </div> <!-- method -->
              <div class="method">
                <div class="method-content">
                  <a name="adlogin(performance_glitch_us, secr, invalid)">
                  </a> <!-- adlogin(performance_glitch_us, secr, invalid) -->
                  <span class="method-name">adlogin</span>
                  <span class="parameters">(performance_glitch_us,secr,invalid)</span>
                </div> <!-- method-content -->
              </div> <!-- method -->
              <div class="method">
                <div class="method-content">
                  <a name="adlogin(locked_out_, secret_sauce, invalid)">
                  </a> <!-- adlogin(locked_out_, secret_sauce, invalid) -->
                  <span class="method-name">adlogin</span>
                  <span class="parameters">(locked_out_,secret_sauce,invalid)</span>
                </div> <!-- method-content -->
              </div> <!-- method -->
              <div class="method">
                <div class="method-content">
                  <a name="adlogin(, secret_sauce, invalid)">
                  </a> <!-- adlogin(, secret_sauce, invalid) -->
                  <span class="method-name">adlogin</span>
                  <span class="parameters">(,secret_sauce,invalid)</span>
                </div> <!-- method-content -->
              </div> <!-- method -->
              <div class="method">
                <div class="method-content">
                  <a name="adlogin(problem_uer, scret_sauce, invalid)">
                  </a> <!-- adlogin(problem_uer, scret_sauce, invalid) -->
                  <span class="method-name">adlogin</span>
                  <span class="parameters">(problem_uer,scret_sauce,invalid)</span>
                </div> <!-- method-content -->
              </div> <!-- method -->
              <div class="method">
                <div class="method-content">
                  <a name="adlogin(visual_user, , invalid)">
                  </a> <!-- adlogin(visual_user, , invalid) -->
                  <span class="method-name">adlogin</span>
                  <span class="parameters">(visual_user,,invalid)</span>
                </div> <!-- method-content -->
              </div> <!-- method -->
              <div class="method">
                <div class="method-content">
                  <a name="adlogin(txt, txt, invalid)">
                  </a> <!-- adlogin(txt, txt, invalid) -->
                  <span class="method-name">adlogin</span>
                  <span class="parameters">(txt,txt,invalid)</span>
                </div> <!-- method-content -->
              </div> <!-- method -->
            </div> <!-- main-panel-content rounded-window-bottom -->
          </div> <!-- suite-Suite-class-passed -->
          <div class="suite-Suite-class-passed">
            <div class="main-panel-header rounded-window-top">
              <img src="passed.png"/>
              <span class="class-name">SauceDemo_TestCases.TC003_ProductFilters</span>
            </div> <!-- main-panel-header rounded-window-top -->
            <div class="main-panel-content rounded-window-bottom">
              <div class="method">
                <div class="method-content">
                  <a name="selectionOfFilters">
                  </a> <!-- selectionOfFilters -->
                  <span class="method-name">selectionOfFilters</span>
                </div> <!-- method-content -->
              </div> <!-- method -->
              <div class="method">
                <div class="method-content">
                  <a name="verifyDisplayOfDropdown">
                  </a> <!-- verifyDisplayOfDropdown -->
                  <span class="method-name">verifyDisplayOfDropdown</span>
                </div> <!-- method-content -->
              </div> <!-- method -->
            </div> <!-- main-panel-content rounded-window-bottom -->
          </div> <!-- suite-Suite-class-passed -->
          <div class="suite-Suite-class-passed">
            <div class="main-panel-header rounded-window-top">
              <img src="passed.png"/>
              <span class="class-name">SauceDemo_TestCases.TC006_CheckOutPageDDT</span>
            </div> <!-- main-panel-header rounded-window-top -->
            <div class="main-panel-content rounded-window-bottom">
              <div class="method">
                <div class="method-content">
                  <a name="gotocart">
                  </a> <!-- gotocart -->
                  <span class="method-name">gotocart</span>
                </div> <!-- method-content -->
              </div> <!-- method -->
              <div class="method">
                <div class="method-content">
                  <a name="testCheckOutPage(Maha, Vs, 56003, valid)">
                  </a> <!-- testCheckOutPage(Maha, Vs, 56003, valid) -->
                  <span class="method-name">testCheckOutPage</span>
                  <span class="parameters">(Maha,Vs,56003,valid)</span>
                </div> <!-- method-content -->
              </div> <!-- method -->
            </div> <!-- main-panel-content rounded-window-bottom -->
          </div> <!-- suite-Suite-class-passed -->
          <div class="suite-Suite-class-passed">
            <div class="main-panel-header rounded-window-top">
              <img src="passed.png"/>
              <span class="class-name">SauceDemo_TestCases.TC005_EmptyCartpage</span>
            </div> <!-- main-panel-header rounded-window-top -->
            <div class="main-panel-content rounded-window-bottom">
              <div class="method">
                <div class="method-content">
                  <a name="checkoutPageProducts">
                  </a> <!-- checkoutPageProducts -->
                  <span class="method-name">checkoutPageProducts</span>
                </div> <!-- method-content -->
              </div> <!-- method -->
            </div> <!-- main-panel-content rounded-window-bottom -->
          </div> <!-- suite-Suite-class-passed -->
          <div class="suite-Suite-class-passed">
            <div class="main-panel-header rounded-window-top">
              <img src="passed.png"/>
              <span class="class-name">SauceDemo_TestCases.TC002_Productlisting</span>
            </div> <!-- main-panel-header rounded-window-top -->
            <div class="main-panel-content rounded-window-bottom">
              <div class="method">
                <div class="method-content">
                  <a name="verifyProductImageExtensions">
                  </a> <!-- verifyProductImageExtensions -->
                  <span class="method-name">verifyProductImageExtensions</span>
                </div> <!-- method-content -->
              </div> <!-- method -->
              <div class="method">
                <div class="method-content">
                  <a name="verifyProductTitlesAreNotEmpty">
                  </a> <!-- verifyProductTitlesAreNotEmpty -->
                  <span class="method-name">verifyProductTitlesAreNotEmpty</span>
                </div> <!-- method-content -->
              </div> <!-- method -->
            </div> <!-- main-panel-content rounded-window-bottom -->
          </div> <!-- suite-Suite-class-passed -->
        </div> <!-- panel Suite -->
        <div panel-name="test-xml-Suite" class="panel">
          <div class="main-panel-header rounded-window-top">
            <span class="header-content">D:\Javaprograming\TestAutomation1\masters.xml</span>
          </div> <!-- main-panel-header rounded-window-top -->
          <div class="main-panel-content rounded-window-bottom">
            <pre>
&lt;?xml version=&quot;1.0&quot; encoding=&quot;UTF-8&quot;?&gt;
&lt;!DOCTYPE suite SYSTEM &quot;https://testng.org/testng-1.0.dtd&quot;&gt;
&lt;suite name=&quot;Suite&quot; guice-stage=&quot;DEVELOPMENT&quot; verbose=&quot;0&quot;&gt;
  &lt;test thread-count=&quot;5&quot; name=&quot;Test&quot; verbose=&quot;0&quot;&gt;
    &lt;groups&gt;
      &lt;run&gt;
        &lt;include name=&quot;masters&quot;/&gt;
      &lt;/run&gt;
    &lt;/groups&gt;
    &lt;classes&gt;
      &lt;class name=&quot;saucedemo_BaseClass.saucedemo_BaseClasses&quot;/&gt;
      &lt;class name=&quot;SauceDemo_TestCases.TC001_Login&quot;/&gt;
      &lt;class name=&quot;SauceDemo_TestCases.TC007_CheckoutPage&quot;/&gt;
      &lt;class name=&quot;SauceDemo_TestCases.TC006_CheckOutPageDDT&quot;/&gt;
      &lt;class name=&quot;SauceDemo_TestCases.TC004_Cartfunctionalites&quot;/&gt;
      &lt;class name=&quot;SauceDemo_TestCases.TC003_ProductFilters&quot;/&gt;
      &lt;class name=&quot;SauceDemo_TestCases.TC002_Productlisting&quot;/&gt;
      &lt;class name=&quot;SauceDemo_TestCases.TC005_EmptyCartpage&quot;/&gt;
    &lt;/classes&gt;
  &lt;/test&gt; &lt;!-- Test --&gt;
&lt;/suite&gt; &lt;!-- Suite --&gt;
            </pre>
          </div> <!-- main-panel-content rounded-window-bottom -->
        </div> <!-- panel -->
        <div panel-name="testlist-Suite" class="panel">
          <div class="main-panel-header rounded-window-top">
            <span class="header-content">Tests for Suite</span>
          </div> <!-- main-panel-header rounded-window-top -->
          <div class="main-panel-content rounded-window-bottom">
            <ul>
              <li>
                <span class="test-name">Test (8 classes)</span>
              </li>
            </ul>
          </div> <!-- main-panel-content rounded-window-bottom -->
        </div> <!-- panel -->
        <div panel-name="group-Suite" class="panel">
          <div class="main-panel-header rounded-window-top">
            <span class="header-content">Groups for Suite</span>
          </div> <!-- main-panel-header rounded-window-top -->
          <div class="main-panel-content rounded-window-bottom">
            <div class="test-group">
              <span class="test-group-name">masters</span>
              <br/>
              <div class="method-in-group">
                <span class="method-in-group-name">addProductsToCart</span>
                <br/>
              </div> <!-- method-in-group -->
              <div class="method-in-group">
                <span class="method-in-group-name">addProductsUsingDesc</span>
                <br/>
              </div> <!-- method-in-group -->
              <div class="method-in-group">
                <span class="method-in-group-name">adlogin</span>
                <br/>
              </div> <!-- method-in-group -->
              <div class="method-in-group">
                <span class="method-in-group-name">cartPage</span>
                <br/>
              </div> <!-- method-in-group -->
              <div class="method-in-group">
                <span class="method-in-group-name">checkoutPageProducts</span>
                <br/>
              </div> <!-- method-in-group -->
              <div class="method-in-group">
                <span class="method-in-group-name">clickOnContinue</span>
                <br/>
              </div> <!-- method-in-group -->
              <div class="method-in-group">
                <span class="method-in-group-name">emptyCartPage</span>
                <br/>
              </div> <!-- method-in-group -->
              <div class="method-in-group">
                <span class="method-in-group-name">getNumberOfItems</span>
                <br/>
              </div> <!-- method-in-group -->
              <div class="method-in-group">
                <span class="method-in-group-name">gotocart</span>
                <br/>
              </div> <!-- method-in-group -->
              <div class="method-in-group">
                <span class="method-in-group-name">navigateHomePage</span>
                <br/>
              </div> <!-- method-in-group -->
              <div class="method-in-group">
                <span class="method-in-group-name">refreshPage</span>
                <br/>
              </div> <!-- method-in-group -->
              <div class="method-in-group">
                <span class="method-in-group-name">removeProductsFromCart</span>
                <br/>
              </div> <!-- method-in-group -->
              <div class="method-in-group">
                <span class="method-in-group-name">selectionOfFilters</span>
                <br/>
              </div> <!-- method-in-group -->
              <div class="method-in-group">
                <span class="method-in-group-name">testCheckOutPage</span>
                <br/>
              </div> <!-- method-in-group -->
              <div class="method-in-group">
                <span class="method-in-group-name">validateCancelCheckout</span>
                <br/>
              </div> <!-- method-in-group -->
              <div class="method-in-group">
                <span class="method-in-group-name">validateEmptyZipCode</span>
                <br/>
              </div> <!-- method-in-group -->
              <div class="method-in-group">
                <span class="method-in-group-name">validateFinishOrder</span>
                <br/>
              </div> <!-- method-in-group -->
              <div class="method-in-group">
                <span class="method-in-group-name">verifyDisplayOfDropdown</span>
                <br/>
              </div> <!-- method-in-group -->
              <div class="method-in-group">
                <span class="method-in-group-name">verifyProductImageExtensions</span>
                <br/>
              </div> <!-- method-in-group -->
              <div class="method-in-group">
                <span class="method-in-group-name">verifyProductImageNavigation</span>
                <br/>
              </div> <!-- method-in-group -->
              <div class="method-in-group">
                <span class="method-in-group-name">verifyProductTitlesAreNotEmpty</span>
                <br/>
              </div> <!-- method-in-group -->
              <div class="method-in-group">
                <span class="method-in-group-name">verifyProduvtTitleNavigation</span>
                <br/>
              </div> <!-- method-in-group -->
            </div> <!-- test-group -->
          </div> <!-- main-panel-content rounded-window-bottom -->
        </div> <!-- panel -->
        <div panel-name="times-Suite" class="panel">
          <div class="main-panel-header rounded-window-top">
            <span class="header-content">Times for Suite</span>
          </div> <!-- main-panel-header rounded-window-top -->
          <div class="main-panel-content rounded-window-bottom">
            <div class="times-div">
              <script type="text/javascript">
suiteTableInitFunctions.push('tableData_Suite');
function tableData_Suite() {
var data = new google.visualization.DataTable();
data.addColumn('number', 'Number');
data.addColumn('string', 'Method');
data.addColumn('string', 'Class');
data.addColumn('number', 'Time (ms)');
data.addRows(35);
data.setCell(0, 0, 0)
data.setCell(0, 1, 'adlogin')
data.setCell(0, 2, 'SauceDemo_TestCases.TC001_Login')
data.setCell(0, 3, 13198);
data.setCell(1, 0, 1)
data.setCell(1, 1, 'gotocart')
data.setCell(1, 2, 'SauceDemo_TestCases.TC006_CheckOutPageDDT')
data.setCell(1, 3, 13151);
data.setCell(2, 0, 2)
data.setCell(2, 1, 'verifyProductImageNavigation')
data.setCell(2, 2, 'SauceDemo_TestCases.TC002_Productlisting')
data.setCell(2, 3, 9341);
data.setCell(3, 0, 3)
data.setCell(3, 1, 'addProductsToCart')
data.setCell(3, 2, 'SauceDemo_TestCases.TC004_Cartfunctionalites')
data.setCell(3, 3, 6676);
data.setCell(4, 0, 4)
data.setCell(4, 1, 'validateEmptyZipCode')
data.setCell(4, 2, 'SauceDemo_TestCases.TC007_CheckoutPage')
data.setCell(4, 3, 5116);
data.setCell(5, 0, 5)
data.setCell(5, 1, 'adlogin')
data.setCell(5, 2, 'SauceDemo_TestCases.TC001_Login')
data.setCell(5, 3, 3069);
data.setCell(6, 0, 6)
data.setCell(6, 1, 'adlogin')
data.setCell(6, 2, 'SauceDemo_TestCases.TC001_Login')
data.setCell(6, 3, 1670);
data.setCell(7, 0, 7)
data.setCell(7, 1, 'adlogin')
data.setCell(7, 2, 'SauceDemo_TestCases.TC001_Login')
data.setCell(7, 3, 1514);
data.setCell(8, 0, 8)
data.setCell(8, 1, 'adlogin')
data.setCell(8, 2, 'SauceDemo_TestCases.TC001_Login')
data.setCell(8, 3, 1417);
data.setCell(9, 0, 9)
data.setCell(9, 1, 'adlogin')
data.setCell(9, 2, 'SauceDemo_TestCases.TC001_Login')
data.setCell(9, 3, 1409);
data.setCell(10, 0, 10)
data.setCell(10, 1, 'adlogin')
data.setCell(10, 2, 'SauceDemo_TestCases.TC001_Login')
data.setCell(10, 3, 1407);
data.setCell(11, 0, 11)
data.setCell(11, 1, 'adlogin')
data.setCell(11, 2, 'SauceDemo_TestCases.TC001_Login')
data.setCell(11, 3, 1403);
data.setCell(12, 0, 12)
data.setCell(12, 1, 'selectionOfFilters')
data.setCell(12, 2, 'SauceDemo_TestCases.TC003_ProductFilters')
data.setCell(12, 3, 1191);
data.setCell(13, 0, 13)
data.setCell(13, 1, 'testCheckOutPage')
data.setCell(13, 2, 'SauceDemo_TestCases.TC006_CheckOutPageDDT')
data.setCell(13, 3, 1086);
data.setCell(14, 0, 14)
data.setCell(14, 1, 'validateFinishOrder')
data.setCell(14, 2, 'SauceDemo_TestCases.TC007_CheckoutPage')
data.setCell(14, 3, 837);
data.setCell(15, 0, 15)
data.setCell(15, 1, 'testCheckOutPage')
data.setCell(15, 2, 'SauceDemo_TestCases.TC006_CheckOutPageDDT')
data.setCell(15, 3, 819);
data.setCell(16, 0, 16)
data.setCell(16, 1, 'testCheckOutPage')
data.setCell(16, 2, 'SauceDemo_TestCases.TC006_CheckOutPageDDT')
data.setCell(16, 3, 818);
data.setCell(17, 0, 17)
data.setCell(17, 1, 'testCheckOutPage')
data.setCell(17, 2, 'SauceDemo_TestCases.TC006_CheckOutPageDDT')
data.setCell(17, 3, 810);
data.setCell(18, 0, 18)
data.setCell(18, 1, 'testCheckOutPage')
data.setCell(18, 2, 'SauceDemo_TestCases.TC006_CheckOutPageDDT')
data.setCell(18, 3, 787);
data.setCell(19, 0, 19)
data.setCell(19, 1, 'testCheckOutPage')
data.setCell(19, 2, 'SauceDemo_TestCases.TC006_CheckOutPageDDT')
data.setCell(19, 3, 774);
data.setCell(20, 0, 20)
data.setCell(20, 1, 'testCheckOutPage')
data.setCell(20, 2, 'SauceDemo_TestCases.TC006_CheckOutPageDDT')
data.setCell(20, 3, 766);
data.setCell(21, 0, 21)
data.setCell(21, 1, 'validateCancelCheckout')
data.setCell(21, 2, 'SauceDemo_TestCases.TC007_CheckoutPage')
data.setCell(21, 3, 691);
data.setCell(22, 0, 22)
data.setCell(22, 1, 'verifyProductTitlesAreNotEmpty')
data.setCell(22, 2, 'SauceDemo_TestCases.TC002_Productlisting')
data.setCell(22, 3, 246);
data.setCell(23, 0, 23)
data.setCell(23, 1, 'emptyCartPage')
data.setCell(23, 2, 'SauceDemo_TestCases.TC005_EmptyCartpage')
data.setCell(23, 3, 203);
data.setCell(24, 0, 24)
data.setCell(24, 1, 'verifyProductImageExtensions')
data.setCell(24, 2, 'SauceDemo_TestCases.TC002_Productlisting')
data.setCell(24, 3, 181);
data.setCell(25, 0, 25)
data.setCell(25, 1, 'navigateHomePage')
data.setCell(25, 2, 'SauceDemo_TestCases.TC007_CheckoutPage')
data.setCell(25, 3, 124);
data.setCell(26, 0, 26)
data.setCell(26, 1, 'checkoutPageProducts')
data.setCell(26, 2, 'SauceDemo_TestCases.TC005_EmptyCartpage')
data.setCell(26, 3, 106);
data.setCell(27, 0, 27)
data.setCell(27, 1, 'verifyDisplayOfDropdown')
data.setCell(27, 2, 'SauceDemo_TestCases.TC003_ProductFilters')
data.setCell(27, 3, 62);
data.setCell(28, 0, 28)
data.setCell(28, 1, 'clickOnContinue')
data.setCell(28, 2, 'SauceDemo_TestCases.TC004_Cartfunctionalites')
data.setCell(28, 3, 0);
data.setCell(29, 0, 29)
data.setCell(29, 1, 'getNumberOfItems')
data.setCell(29, 2, 'SauceDemo_TestCases.TC004_Cartfunctionalites')
data.setCell(29, 3, 0);
data.setCell(30, 0, 30)
data.setCell(30, 1, 'cartPage')
data.setCell(30, 2, 'SauceDemo_TestCases.TC004_Cartfunctionalites')
data.setCell(30, 3, 0);
data.setCell(31, 0, 31)
data.setCell(31, 1, 'addProductsUsingDesc')
data.setCell(31, 2, 'SauceDemo_TestCases.TC004_Cartfunctionalites')
data.setCell(31, 3, 0);
data.setCell(32, 0, 32)
data.setCell(32, 1, 'removeProductsFromCart')
data.setCell(32, 2, 'SauceDemo_TestCases.TC004_Cartfunctionalites')
data.setCell(32, 3, 0);
data.setCell(33, 0, 33)
data.setCell(33, 1, 'refreshPage')
data.setCell(33, 2, 'SauceDemo_TestCases.TC004_Cartfunctionalites')
data.setCell(33, 3, 0);
data.setCell(34, 0, 34)
data.setCell(34, 1, 'verifyProduvtTitleNavigation')
data.setCell(34, 2, 'SauceDemo_TestCases.TC002_Productlisting')
data.setCell(34, 3, 0);
window.suiteTableData['Suite']= { tableData: data, tableDiv: 'times-div-Suite'}
return data;
}
              </script>
              <span class="suite-total-time">Total running time: 1 minutes</span>
              <div id="times-div-Suite">
              </div> <!-- times-div-Suite -->
            </div> <!-- times-div -->
          </div> <!-- main-panel-content rounded-window-bottom -->
        </div> <!-- panel -->
        <div panel-name="reporter-Suite" class="panel">
          <div class="main-panel-header rounded-window-top">
            <span class="header-content">Reporter output for Suite</span>
          </div> <!-- main-panel-header rounded-window-top -->
          <div class="main-panel-content rounded-window-bottom">
          </div> <!-- main-panel-content rounded-window-bottom -->
        </div> <!-- panel -->
        <div panel-name="ignored-methods-Suite" class="panel">
          <div class="main-panel-header rounded-window-top">
            <span class="header-content">0 ignored methods</span>
          </div> <!-- main-panel-header rounded-window-top -->
          <div class="main-panel-content rounded-window-bottom">
          </div> <!-- main-panel-content rounded-window-bottom -->
        </div> <!-- panel -->
        <div panel-name="chronological-Suite" class="panel">
          <div class="main-panel-header rounded-window-top">
            <span class="header-content">Methods in chronological order</span>
          </div> <!-- main-panel-header rounded-window-top -->
          <div class="main-panel-content rounded-window-bottom">
            <div class="chronological-class">
              <div class="chronological-class-name">SauceDemo_TestCases.TC001_Login</div> <!-- chronological-class-name -->
              <div class="configuration-class before">
                <span class="method-name">baseSetUp</span>
                <span class="method-start">0 ms</span>
              </div> <!-- configuration-class before -->
              <div class="test-method">
                <img src="failed.png">
                </img>
                <span class="method-name">adlogin(standard_user, secret_sauce, valid)</span>
                <span class="method-start">4317 ms</span>
              </div> <!-- test-method -->
              <div class="test-method">
                <span class="method-name">adlogin(locked_out_, secret_sauce, invalid)</span>
                <span class="method-start">17532 ms</span>
              </div> <!-- test-method -->
              <div class="test-method">
                <span class="method-name">adlogin(problem_uer, scret_sauce, invalid)</span>
                <span class="method-start">20601 ms</span>
              </div> <!-- test-method -->
              <div class="test-method">
                <span class="method-name">adlogin(performance_glitch_us, secr, invalid)</span>
                <span class="method-start">22011 ms</span>
              </div> <!-- test-method -->
              <div class="test-method">
                <span class="method-name">adlogin(error_user, secret_, invalid)</span>
                <span class="method-start">23432 ms</span>
              </div> <!-- test-method -->
              <div class="test-method">
                <span class="method-name">adlogin(txt, txt, invalid)</span>
                <span class="method-start">24835 ms</span>
              </div> <!-- test-method -->
              <div class="test-method">
                <span class="method-name">adlogin(, secret_sauce, invalid)</span>
                <span class="method-start">26350 ms</span>
              </div> <!-- test-method -->
              <div class="test-method">
                <span class="method-name">adlogin(visual_user, , invalid)</span>
                <span class="method-start">27757 ms</span>
              </div> <!-- test-method -->
              <div class="configuration-class after">
                <span class="method-name">tearDown</span>
                <span class="method-start">29430 ms</span>
              </div> <!-- configuration-class after -->
            </div> <!-- chronological-class -->
            <div class="chronological-class">
              <div class="chronological-class-name">SauceDemo_TestCases.TC007_CheckoutPage</div> <!-- chronological-class-name -->
              <div class="configuration-class before">
                <span class="method-name">baseSetUp</span>
                <span class="method-start">29676 ms</span>
              </div> <!-- configuration-class before -->
              <div class="test-method">
                <span class="method-name">validateEmptyZipCode</span>
                <span class="method-start">32294 ms</span>
              </div> <!-- test-method -->
              <div class="test-method">
                <span class="method-name">validateCancelCheckout</span>
                <span class="method-start">37413 ms</span>
              </div> <!-- test-method -->
              <div class="test-method">
                <span class="method-name">validateFinishOrder</span>
                <span class="method-start">38106 ms</span>
              </div> <!-- test-method -->
              <div class="test-method">
                <span class="method-name">navigateHomePage</span>
                <span class="method-start">38944 ms</span>
              </div> <!-- test-method -->
              <div class="configuration-class after">
                <span class="method-name">tearDown</span>
                <span class="method-start">39068 ms</span>
              </div> <!-- configuration-class after -->
            </div> <!-- chronological-class -->
            <div class="chronological-class">
              <div class="chronological-class-name">SauceDemo_TestCases.TC006_CheckOutPageDDT</div> <!-- chronological-class-name -->
              <div class="configuration-class before">
                <span class="method-name">baseSetUp</span>
                <span class="method-start">39314 ms</span>
              </div> <!-- configuration-class before -->
              <div class="test-method">
                <span class="method-name">gotocart</span>
                <span class="method-start">42154 ms</span>
              </div> <!-- test-method -->
              <div class="test-method">
                <img src="failed.png">
                </img>
                <span class="method-name">testCheckOutPage(23WEE@#, vs, 5678, invalid)</span>
                <span class="method-start">55930 ms</span>
              </div> <!-- test-method -->
              <div class="test-method">
                <img src="failed.png">
                </img>
                <span class="method-name">testCheckOutPage(Maha, vs, !@#$, invalid)</span>
                <span class="method-start">57018 ms</span>
              </div> <!-- test-method -->
              <div class="test-method">
                <img src="failed.png">
                </img>
                <span class="method-name">testCheckOutPage(Maha, vs, WW234, invalid)</span>
                <span class="method-start">57785 ms</span>
              </div> <!-- test-method -->
              <div class="test-method">
                <img src="failed.png">
                </img>
                <span class="method-name">testCheckOutPage($%, vs, 357890, invalid)</span>
                <span class="method-start">58604 ms</span>
              </div> <!-- test-method -->
              <div class="test-method">
                <img src="failed.png">
                </img>
                <span class="method-name">testCheckOutPage(Maha, %^0), 56789, invalid)</span>
                <span class="method-start">59424 ms</span>
              </div> <!-- test-method -->
              <div class="test-method">
                <img src="failed.png">
                </img>
                <span class="method-name">testCheckOutPage(Maha, vs, #$&*((, invalid)</span>
                <span class="method-start">60235 ms</span>
              </div> <!-- test-method -->
              <div class="test-method">
                <span class="method-name">testCheckOutPage(Maha, Vs, 56003, valid)</span>
                <span class="method-start">61011 ms</span>
              </div> <!-- test-method -->
              <div class="configuration-class after">
                <span class="method-name">tearDown</span>
                <span class="method-start">61799 ms</span>
              </div> <!-- configuration-class after -->
            </div> <!-- chronological-class -->
            <div class="chronological-class">
              <div class="chronological-class-name">SauceDemo_TestCases.TC004_Cartfunctionalites</div> <!-- chronological-class-name -->
              <div class="configuration-class before">
                <span class="method-name">baseSetUp</span>
                <span class="method-start">62063 ms</span>
              </div> <!-- configuration-class before -->
              <div class="test-method">
                <img src="failed.png">
                </img>
                <span class="method-name">addProductsToCart</span>
                <span class="method-start">64714 ms</span>
              </div> <!-- test-method -->
              <div class="configuration-class after">
                <span class="method-name">tearDown</span>
                <span class="method-start">71402 ms</span>
              </div> <!-- configuration-class after -->
            </div> <!-- chronological-class -->
            <div class="chronological-class">
              <div class="chronological-class-name">SauceDemo_TestCases.TC003_ProductFilters</div> <!-- chronological-class-name -->
              <div class="configuration-class before">
                <span class="method-name">baseSetUp</span>
                <span class="method-start">71660 ms</span>
              </div> <!-- configuration-class before -->
              <div class="test-method">
                <span class="method-name">verifyDisplayOfDropdown</span>
                <span class="method-start">74790 ms</span>
              </div> <!-- test-method -->
              <div class="test-method">
                <span class="method-name">selectionOfFilters</span>
                <span class="method-start">74854 ms</span>
              </div> <!-- test-method -->
              <div class="configuration-class after">
                <span class="method-name">tearDown</span>
                <span class="method-start">76046 ms</span>
              </div> <!-- configuration-class after -->
            </div> <!-- chronological-class -->
            <div class="chronological-class">
              <div class="chronological-class-name">SauceDemo_TestCases.TC002_Productlisting</div> <!-- chronological-class-name -->
              <div class="configuration-class before">
                <span class="method-name">baseSetUp</span>
                <span class="method-start">76304 ms</span>
              </div> <!-- configuration-class before -->
              <div class="test-method">
                <span class="method-name">verifyProductTitlesAreNotEmpty</span>
                <span class="method-start">79370 ms</span>
              </div> <!-- test-method -->
              <div class="test-method">
                <span class="method-name">verifyProductImageExtensions</span>
                <span class="method-start">79617 ms</span>
              </div> <!-- test-method -->
              <div class="test-method">
                <img src="failed.png">
                </img>
                <span class="method-name">verifyProductImageNavigation</span>
                <span class="method-start">79798 ms</span>
              </div> <!-- test-method -->
              <div class="configuration-class after">
                <span class="method-name">tearDown</span>
                <span class="method-start">89141 ms</span>
              </div> <!-- configuration-class after -->
            </div> <!-- chronological-class -->
            <div class="chronological-class">
              <div class="chronological-class-name">SauceDemo_TestCases.TC005_EmptyCartpage</div> <!-- chronological-class-name -->
              <div class="configuration-class before">
                <span class="method-name">baseSetUp</span>
                <span class="method-start">89457 ms</span>
              </div> <!-- configuration-class before -->
              <div class="test-method">
                <img src="failed.png">
                </img>
                <span class="method-name">emptyCartPage</span>
                <span class="method-start">92367 ms</span>
              </div> <!-- test-method -->
              <div class="test-method">
                <span class="method-name">checkoutPageProducts</span>
                <span class="method-start">92572 ms</span>
              </div> <!-- test-method -->
              <div class="configuration-class after">
                <span class="method-name">tearDown</span>
                <span class="method-start">92678 ms</span>
              </div> <!-- configuration-class after -->
          </div> <!-- main-panel-content rounded-window-bottom -->
        </div> <!-- panel -->
      </div> <!-- main-panel-root -->
    </div> <!-- wrapper -->
  </body>
<script type="text/javascript" src="testng-reports2.js"></script>
</html>
