<?xml version="1.0" encoding="UTF-8"?>
<testng-results ignored="0" total="1" passed="1" failed="0" skipped="0">
  <reporter-output>
  </reporter-output>
  <suite started-at="2025-12-03T12:55:34 IST" name="Default suite" finished-at="2025-12-03T12:55:43 IST" duration-ms="8852">
    <groups>
    </groups>
    <test started-at="2025-12-03T12:55:34 IST" name="Default test" finished-at="2025-12-03T12:55:43 IST" duration-ms="8852">
      <class name="SauceDemo_TestCases.TC003_ProductFilters">
        <test-method is-config="true" signature="baseSetUp()[pri:0, instance:SauceDemo_TestCases.TC003_ProductFilters@4b1d6571]" started-at="2025-12-03T12:55:34 IST" name="baseSetUp" finished-at="2025-12-03T12:55:37 IST" duration-ms="3223" status="PASS">
          <reporter-output>
          </reporter-output>
        </test-method> <!-- baseSetUp -->
        <test-method signature="selectionoffilters()[pri:0, instance:SauceDemo_TestCases.TC003_ProductFilters@4b1d6571]" started-at="2025-12-03T12:55:37 IST" name="selectionoffilters" finished-at="2025-12-03T12:55:42 IST" duration-ms="5354" status="PASS">
          <reporter-output>
          </reporter-output>
        </test-method> <!-- selectionoffilters -->
        <test-method is-config="true" signature="tearDown()[pri:0, instance:SauceDemo_TestCases.TC003_ProductFilters@4b1d6571]" started-at="2025-12-03T12:55:42 IST" name="tearDown" finished-at="2025-12-03T12:55:43 IST" duration-ms="237" status="PASS">
          <reporter-output>
          </reporter-output>
        </test-method> <!-- tearDown -->
      </class> <!-- SauceDemo_TestCases.TC003_ProductFilters -->
    </test> <!-- Default test -->
  </suite> <!-- Default suite -->
</testng-results>
