<?xml version="1.0" encoding="UTF-8"?>
<testng-results ignored="0" total="7" passed="7" failed="0" skipped="0">
  <reporter-output>
  </reporter-output>
  <suite started-at="2025-12-12T13:09:58 IST" name="Default suite" finished-at="2025-12-12T13:10:46 IST" duration-ms="48506">
    <groups>
    </groups>
    <test started-at="2025-12-12T13:09:58 IST" name="Default test" finished-at="2025-12-12T13:10:46 IST" duration-ms="48506">
      <class name="SauceDemo_TestCases.TC004_Cartfunctionalites">
        <test-method is-config="true" signature="baseSetUp()[pri:0, instance:SauceDemo_TestCases.TC004_Cartfunctionalites@525575]" started-at="2025-12-12T13:09:58 IST" name="baseSetUp" finished-at="2025-12-12T13:10:02 IST" duration-ms="3828" status="PASS">
          <reporter-output>
          </reporter-output>
        </test-method> <!-- baseSetUp -->
        <test-method signature="addproductstocart()[pri:0, instance:SauceDemo_TestCases.TC004_Cartfunctionalites@525575]" started-at="2025-12-12T13:10:02 IST" name="addproductstocart" finished-at="2025-12-12T13:10:12 IST" duration-ms="10687" status="PASS">
          <reporter-output>
          </reporter-output>
        </test-method> <!-- addproductstocart -->
        <test-method signature="addproductsusingdesc()[pri:0, instance:SauceDemo_TestCases.TC004_Cartfunctionalites@525575]" started-at="2025-12-12T13:10:12 IST" name="addproductsusingdesc" finished-at="2025-12-12T13:10:13 IST" depends-on-methods="SauceDemo_TestCases.TC004_Cartfunctionalites.addproductstocart" duration-ms="583" status="PASS">
          <reporter-output>
          </reporter-output>
        </test-method> <!-- addproductsusingdesc -->
        <test-method signature="cartpage()[pri:0, instance:SauceDemo_TestCases.TC004_Cartfunctionalites@525575]" started-at="2025-12-12T13:10:13 IST" name="cartpage" finished-at="2025-12-12T13:10:23 IST" depends-on-methods="SauceDemo_TestCases.TC004_Cartfunctionalites.addproductsusingdesc" duration-ms="10085" status="PASS">
          <reporter-output>
          </reporter-output>
        </test-method> <!-- cartpage -->
        <test-method signature="getnumberofitems()[pri:0, instance:SauceDemo_TestCases.TC004_Cartfunctionalites@525575]" started-at="2025-12-12T13:10:23 IST" name="getnumberofitems" finished-at="2025-12-12T13:10:25 IST" depends-on-methods="SauceDemo_TestCases.TC004_Cartfunctionalites.cartpage" duration-ms="2079" status="PASS">
          <reporter-output>
          </reporter-output>
        </test-method> <!-- getnumberofitems -->
        <test-method signature="removeproductsfromcart()[pri:0, instance:SauceDemo_TestCases.TC004_Cartfunctionalites@525575]" started-at="2025-12-12T13:10:25 IST" name="removeproductsfromcart" finished-at="2025-12-12T13:10:35 IST" depends-on-methods="SauceDemo_TestCases.TC004_Cartfunctionalites.getnumberofitems" duration-ms="10144" status="PASS">
          <reporter-output>
          </reporter-output>
        </test-method> <!-- removeproductsfromcart -->
        <test-method signature="clickoncontinue()[pri:0, instance:SauceDemo_TestCases.TC004_Cartfunctionalites@525575]" started-at="2025-12-12T13:10:35 IST" name="clickoncontinue" finished-at="2025-12-12T13:10:45 IST" depends-on-methods="SauceDemo_TestCases.TC004_Cartfunctionalites.removeproductsfromcart" duration-ms="10146" status="PASS">
          <reporter-output>
          </reporter-output>
        </test-method> <!-- clickoncontinue -->
        <test-method signature="refershpage()[pri:0, instance:SauceDemo_TestCases.TC004_Cartfunctionalites@525575]" started-at="2025-12-12T13:10:45 IST" name="refershpage" finished-at="2025-12-12T13:10:46 IST" depends-on-methods="SauceDemo_TestCases.TC004_Cartfunctionalites.clickoncontinue" duration-ms="611" status="PASS">
          <reporter-output>
          </reporter-output>
        </test-method> <!-- refershpage -->
        <test-method is-config="true" signature="tearDown()[pri:0, instance:SauceDemo_TestCases.TC004_Cartfunctionalites@525575]" started-at="2025-12-12T13:10:46 IST" name="tearDown" finished-at="2025-12-12T13:10:46 IST" duration-ms="276" status="PASS">
          <reporter-output>
          </reporter-output>
        </test-method> <!-- tearDown -->
      </class> <!-- SauceDemo_TestCases.TC004_Cartfunctionalites -->
    </test> <!-- Default test -->
  </suite> <!-- Default suite -->
</testng-results>
