<?xml version="1.0" encoding="UTF-8"?>
<testng-results ignored="0" total="2" passed="2" failed="0" skipped="0">
  <reporter-output>
  </reporter-output>
  <suite started-at="2025-12-12T15:48:31 IST" name="Default suite" finished-at="2025-12-12T15:48:56 IST" duration-ms="25138">
    <groups>
    </groups>
    <test started-at="2025-12-12T15:48:31 IST" name="Default test" finished-at="2025-12-12T15:48:56 IST" duration-ms="25138">
      <class name="SauceDemo_TestCases.TC006_CheckOutPage">
        <test-method is-config="true" signature="baseSetUp()[pri:0, instance:SauceDemo_TestCases.TC006_CheckOutPage@74bada02]" started-at="2025-12-12T15:48:31 IST" name="baseSetUp" finished-at="2025-12-12T15:48:35 IST" duration-ms="3710" status="PASS">
          <reporter-output>
          </reporter-output>
        </test-method> <!-- baseSetUp -->
        <test-method signature="gotocart()[pri:0, instance:SauceDemo_TestCases.TC006_CheckOutPage@74bada02]" started-at="2025-12-12T15:48:35 IST" name="gotocart" finished-at="2025-12-12T15:48:46 IST" duration-ms="10652" status="PASS">
          <reporter-output>
          </reporter-output>
        </test-method> <!-- gotocart -->
        <test-method signature="checkoutpagewithoutcred()[pri:0, instance:SauceDemo_TestCases.TC006_CheckOutPage@74bada02]" started-at="2025-12-12T15:48:46 IST" name="checkoutpagewithoutcred" finished-at="2025-12-12T15:48:56 IST" depends-on-methods="SauceDemo_TestCases.TC006_CheckOutPage.gotocart" duration-ms="10279" status="PASS">
          <reporter-output>
          </reporter-output>
        </test-method> <!-- checkoutpagewithoutcred -->
        <test-method is-config="true" signature="tearDown()[pri:0, instance:SauceDemo_TestCases.TC006_CheckOutPage@74bada02]" started-at="2025-12-12T15:48:56 IST" name="tearDown" finished-at="2025-12-12T15:48:56 IST" duration-ms="430" status="PASS">
          <reporter-output>
          </reporter-output>
        </test-method> <!-- tearDown -->
      </class> <!-- SauceDemo_TestCases.TC006_CheckOutPage -->
    </test> <!-- Default test -->
  </suite> <!-- Default suite -->
</testng-results>
