<?xml version="1.0" encoding="UTF-8"?>
<testng-results ignored="0" total="4" passed="4" failed="0" skipped="0">
  <reporter-output>
  </reporter-output>
  <suite started-at="2026-01-07T17:02:10 IST" name="Default suite" finished-at="2026-01-07T17:02:50 IST" duration-ms="39741">
    <groups>
    </groups>
    <test started-at="2026-01-07T17:02:10 IST" name="Default test" finished-at="2026-01-07T17:02:50 IST" duration-ms="39741">
      <class name="SauceDemo_TestCases.Checkoutpagevalidation">
        <test-method is-config="true" signature="baseSetUp()[pri:0, instance:SauceDemo_TestCases.Checkoutpagevalidation@6e950bcf]" started-at="2026-01-07T17:02:10 IST" name="baseSetUp" finished-at="2026-01-07T17:02:14 IST" duration-ms="3919" status="PASS">
          <reporter-output>
          </reporter-output>
        </test-method> <!-- baseSetUp -->
        <test-method signature="validateZipCode()[pri:0, instance:SauceDemo_TestCases.Checkoutpagevalidation@6e950bcf]" started-at="2026-01-07T17:02:14 IST" name="validateZipCode" finished-at="2026-01-07T17:02:25 IST" duration-ms="11408" status="PASS">
          <reporter-output>
          </reporter-output>
        </test-method> <!-- validateZipCode -->
        <test-method signature="CancelButtonValidation()[pri:0, instance:SauceDemo_TestCases.Checkoutpagevalidation@6e950bcf]" started-at="2026-01-07T17:02:25 IST" name="CancelButtonValidation" finished-at="2026-01-07T17:02:27 IST" depends-on-methods="SauceDemo_TestCases.Checkoutpagevalidation.validateZipCode" duration-ms="2158" status="PASS">
          <reporter-output>
          </reporter-output>
        </test-method> <!-- CancelButtonValidation -->
        <test-method signature="vaildateFinishfun()[pri:0, instance:SauceDemo_TestCases.Checkoutpagevalidation@6e950bcf]" started-at="2026-01-07T17:02:27 IST" name="vaildateFinishfun" finished-at="2026-01-07T17:02:39 IST" depends-on-methods="SauceDemo_TestCases.Checkoutpagevalidation.CancelButtonValidation" duration-ms="11465" status="PASS">
          <reporter-output>
          </reporter-output>
        </test-method> <!-- vaildateFinishfun -->
        <test-method signature="backToHomebtn()[pri:0, instance:SauceDemo_TestCases.Checkoutpagevalidation@6e950bcf]" started-at="2026-01-07T17:02:39 IST" name="backToHomebtn" finished-at="2026-01-07T17:02:49 IST" depends-on-methods="SauceDemo_TestCases.Checkoutpagevalidation.vaildateFinishfun" duration-ms="10256" status="PASS">
          <reporter-output>
          </reporter-output>
        </test-method> <!-- backToHomebtn -->
        <test-method is-config="true" signature="tearDown()[pri:0, instance:SauceDemo_TestCases.Checkoutpagevalidation@6e950bcf]" started-at="2026-01-07T17:02:49 IST" name="tearDown" finished-at="2026-01-07T17:02:50 IST" duration-ms="448" status="PASS">
          <reporter-output>
          </reporter-output>
        </test-method> <!-- tearDown -->
      </class> <!-- SauceDemo_TestCases.Checkoutpagevalidation -->
    </test> <!-- Default test -->
  </suite> <!-- Default suite -->
</testng-results>
