<?xml version="1.0" encoding="UTF-8"?>
<!-- Generated by org.testng.reporters.JUnitReportReporter -->
<testsuite hostname="BLRSFLT249" failures="0" tests="7" name="SauceDemo_TestCases.TC004_Cartfunctionalites" time="45.006" errors="0" timestamp="2025-12-12T14:51:36 IST" skipped="0">
  <testcase classname="SauceDemo_TestCases.TC004_Cartfunctionalites" name="getnumberofitems" time="2.070"/>
  <testcase classname="SauceDemo_TestCases.TC004_Cartfunctionalites" name="clickoncontinue" time="10.297"/>
  <testcase classname="SauceDemo_TestCases.TC004_Cartfunctionalites" name="removeproductsfromcart" time="10.257"/>
  <testcase classname="SauceDemo_TestCases.TC004_Cartfunctionalites" name="addproductstocart" time="10.498"/>
  <testcase classname="SauceDemo_TestCases.TC004_Cartfunctionalites" name="cartpage" time="10.170"/>
  <testcase classname="SauceDemo_TestCases.TC004_Cartfunctionalites" name="addproductsusingdesc" time="0.983"/>
  <testcase classname="SauceDemo_TestCases.TC004_Cartfunctionalites" name="refreshpage" time="0.731"/>
</testsuite> <!-- SauceDemo_TestCases.TC004_Cartfunctionalites -->
