<?xml version="1.0" encoding="UTF-8"?>
<!-- Generated by org.testng.reporters.JUnitReportReporter -->
<testsuite hostname="BLRSFLT249" failures="0" tests="4" name="SauceDemo_TestCases.TC002_Productlisting" time="12.837" errors="0" timestamp="2026-01-05T11:08:00 IST" skipped="0">
  <testcase classname="SauceDemo_TestCases.TC002_Productlisting" name="imageNavigation" time="1.231"/>
  <testcase classname="SauceDemo_TestCases.TC002_Productlisting" name="imageExtensions" time="0.157"/>
  <testcase classname="SauceDemo_TestCases.TC002_Productlisting" name="titleNavigation" time="1.186"/>
  <testcase classname="SauceDemo_TestCases.TC002_Productlisting" name="productListing" time="10.263"/>
</testsuite> <!-- SauceDemo_TestCases.TC002_Productlisting -->
