<?xml version="1.0" encoding="UTF-8"?>
<!-- Generated by org.testng.reporters.JUnitReportReporter -->
<testsuite hostname="BLRSFLT249" failures="0" tests="4" name="SauceDemo_TestCases.TC002_Productlisting" time="25.653" errors="0" timestamp="2025-12-02T17:00:05 IST" skipped="0">
  <testcase classname="SauceDemo_TestCases.TC002_Productlisting" name="titlenavigation" time="2.655"/>
  <testcase classname="SauceDemo_TestCases.TC002_Productlisting" name="testtheproductlisting" time="11.254"/>
  <testcase classname="SauceDemo_TestCases.TC002_Productlisting" name="verifyingtheimageextentions" time="4.200"/>
  <testcase classname="SauceDemo_TestCases.TC002_Productlisting" name="imagenaivagtion" time="7.544"/>
</testsuite> <!-- SauceDemo_TestCases.TC002_Productlisting -->
