<?xml version="1.0" encoding="UTF-8"?>
<!-- Generated by org.testng.reporters.JUnitReportReporter -->
<testsuite hostname="BLRSFLT249" failures="0" tests="2" name="SauceDemo_TestCases.TC003_ProductFilters" time="3.337" errors="0" timestamp="2026-01-02T15:51:01 IST" skipped="0">
  <testcase classname="SauceDemo_TestCases.TC003_ProductFilters" name="verifyDisplayofDropdown" time="2.102"/>
  <testcase classname="SauceDemo_TestCases.TC003_ProductFilters" name="selectionOfFilters" time="1.235"/>
</testsuite> <!-- SauceDemo_TestCases.TC003_ProductFilters -->
