<?xml version="1.0" encoding="UTF-8"?>
<!-- Generated by org.testng.reporters.JUnitReportReporter -->
<testsuite hostname="BLRSFLT249" failures="0" tests="4" name="SauceDemo_TestCases.TC002_Productlisting" time="14.547" errors="0" timestamp="2025-12-03T14:26:22 IST" skipped="0">
  <testcase classname="SauceDemo_TestCases.TC002_Productlisting" name="testtheproductlisting" time="3.575"/>
  <testcase classname="SauceDemo_TestCases.TC002_Productlisting" name="imagenaivagtion" time="5.491"/>
  <testcase classname="SauceDemo_TestCases.TC002_Productlisting" name="titlenavigation" time="1.342"/>
  <testcase classname="SauceDemo_TestCases.TC002_Productlisting" name="verifyingtheimageextentions" time="4.139"/>
</testsuite> <!-- SauceDemo_TestCases.TC002_Productlisting -->
