<?xml version="1.0" encoding="UTF-8"?>
<!-- Generated by org.testng.reporters.JUnitReportReporter -->
<testsuite hostname="BLRSFLT249" failures="0" tests="4" name="SauceDemo_TestCases.Checkoutpagevalidation" time="34.082" errors="0" timestamp="2026-01-08T11:03:15 IST" skipped="0">
  <testcase classname="SauceDemo_TestCases.Checkoutpagevalidation" name="CancelButtonValidation" time="1.669"/>
  <testcase classname="SauceDemo_TestCases.Checkoutpagevalidation" name="validateZipCode" time="10.797"/>
  <testcase classname="SauceDemo_TestCases.Checkoutpagevalidation" name="backToHomebtn" time="10.160"/>
  <testcase classname="SauceDemo_TestCases.Checkoutpagevalidation" name="vaildateFinishfun" time="11.456"/>
</testsuite> <!-- SauceDemo_TestCases.Checkoutpagevalidation -->
