<?xml version="1.0" encoding="UTF-8"?>
<!-- Generated by org.testng.reporters.JUnitReportReporter -->
<testsuite hostname="BLRSFLT249" failures="0" tests="2" name="SauceDemo_TestCases.TC003_ProductFilters" time="2.782" errors="0" timestamp="2025-12-16T14:34:00 IST" skipped="0">
  <testcase classname="SauceDemo_TestCases.TC003_ProductFilters" name="selectionOfFilters" time="2.726"/>
  <testcase classname="SauceDemo_TestCases.TC003_ProductFilters" name="verifyDisplayofDropdown" time="0.056"/>
</testsuite> <!-- SauceDemo_TestCases.TC003_ProductFilters -->
