<?xml version="1.0" encoding="UTF-8"?>
<!-- Generated by org.testng.reporters.JUnitReportReporter -->
<testsuite hostname="BLRSFLT249" failures="0" tests="2" name="SauceDemo_TestCases.TC006_CheckOutPage" time="20.931" errors="0" timestamp="2025-12-12T15:48:57 IST" skipped="0">
  <testcase classname="SauceDemo_TestCases.TC006_CheckOutPage" name="gotocart" time="10.652"/>
  <testcase classname="SauceDemo_TestCases.TC006_CheckOutPage" name="checkoutpagewithoutcred" time="10.279"/>
</testsuite> <!-- SauceDemo_TestCases.TC006_CheckOutPage -->
