<?xml version="1.0" encoding="UTF-8"?>
<!-- Generated by org.testng.reporters.JUnitReportReporter -->
<testsuite hostname="BLRSFLT249" failures="0" tests="7" name="SauceDemo_TestCases.TC004_Cartfunctionalites" time="44.335" errors="0" timestamp="2025-12-12T13:10:46 IST" skipped="0">
  <testcase classname="SauceDemo_TestCases.TC004_Cartfunctionalites" name="cartpage" time="10.085"/>
  <testcase classname="SauceDemo_TestCases.TC004_Cartfunctionalites" name="addproductsusingdesc" time="0.583"/>
  <testcase classname="SauceDemo_TestCases.TC004_Cartfunctionalites" name="getnumberofitems" time="2.079"/>
  <testcase classname="SauceDemo_TestCases.TC004_Cartfunctionalites" name="refershpage" time="0.611"/>
  <testcase classname="SauceDemo_TestCases.TC004_Cartfunctionalites" name="clickoncontinue" time="10.146"/>
  <testcase classname="SauceDemo_TestCases.TC004_Cartfunctionalites" name="addproductstocart" time="10.687"/>
  <testcase classname="SauceDemo_TestCases.TC004_Cartfunctionalites" name="removeproductsfromcart" time="10.144"/>
</testsuite> <!-- SauceDemo_TestCases.TC004_Cartfunctionalites -->
