<?xml version="1.0" encoding="UTF-8"?>
<!-- Generated by org.testng.reporters.JUnitReportReporter -->
<testsuite hostname="BLRSFLT249" failures="0" tests="8" name="SauceDemo_TestCases.TC001_Login" time="75.009" errors="0" timestamp="2025-12-02T12:32:21 IST" skipped="0">
  <testcase classname="SauceDemo_TestCases.TC001_Login" name="adlogin" time="2.758"/>
  <testcase classname="SauceDemo_TestCases.TC001_Login" name="adlogin" time="10.392"/>
  <testcase classname="SauceDemo_TestCases.TC001_Login" name="adlogin" time="10.277"/>
  <testcase classname="SauceDemo_TestCases.TC001_Login" name="adlogin" time="10.317"/>
  <testcase classname="SauceDemo_TestCases.TC001_Login" name="adlogin" time="10.267"/>
  <testcase classname="SauceDemo_TestCases.TC001_Login" name="adlogin" time="10.338"/>
  <testcase classname="SauceDemo_TestCases.TC001_Login" name="adlogin" time="10.353"/>
  <testcase classname="SauceDemo_TestCases.TC001_Login" name="adlogin" time="10.307"/>
</testsuite> <!-- SauceDemo_TestCases.TC001_Login -->
