<?xml version="1.0" encoding="UTF-8"?>
<!-- Generated by org.testng.reporters.JUnitReportReporter -->
<testsuite hostname="BLRSFLT249" failures="0" tests="8" name="SauceDemo_TestCases.TC001_Login" time="75.574" errors="0" timestamp="2025-12-03T14:25:18 IST" skipped="0">
  <testcase classname="SauceDemo_TestCases.TC001_Login" name="adlogin" time="10.409"/>
  <testcase classname="SauceDemo_TestCases.TC001_Login" name="adlogin" time="2.975"/>
  <testcase classname="SauceDemo_TestCases.TC001_Login" name="adlogin" time="10.297"/>
  <testcase classname="SauceDemo_TestCases.TC001_Login" name="adlogin" time="10.417"/>
  <testcase classname="SauceDemo_TestCases.TC001_Login" name="adlogin" time="10.385"/>
  <testcase classname="SauceDemo_TestCases.TC001_Login" name="adlogin" time="10.352"/>
  <testcase classname="SauceDemo_TestCases.TC001_Login" name="adlogin" time="10.377"/>
  <testcase classname="SauceDemo_TestCases.TC001_Login" name="adlogin" time="10.362"/>
</testsuite> <!-- SauceDemo_TestCases.TC001_Login -->
