<?xml version="1.0" encoding="UTF-8"?>
<!-- Generated by org.testng.reporters.JUnitReportReporter -->
<testsuite hostname="BLRSFLT249" failures="0" tests="2" name="SauceDemo_TestCases.TC003_ProductFilters" time="1.253" errors="0" timestamp="2026-01-15T15:41:35 IST" skipped="0">
  <testcase classname="SauceDemo_TestCases.TC003_ProductFilters" name="selectionOfFilters" time="1.191"/>
  <testcase classname="SauceDemo_TestCases.TC003_ProductFilters" name="verifyDisplayOfDropdown" time="0.062"/>
</testsuite> <!-- SauceDemo_TestCases.TC003_ProductFilters -->
