<?xml version="1.0" encoding="UTF-8"?>
<!-- Generated by org.testng.reporters.JUnitReportReporter -->
<testsuite hostname="BLRSFLT249" failures="0" tests="4" name="SauceDemo_TestCases.TC007_CheckoutPage" time="6.768" errors="0" timestamp="2026-01-15T15:41:35 IST" skipped="0">
  <testcase classname="SauceDemo_TestCases.TC007_CheckoutPage" name="validateEmptyZipCode" time="5.116"/>
  <testcase classname="SauceDemo_TestCases.TC007_CheckoutPage" name="navigateHomePage" time="0.124"/>
  <testcase classname="SauceDemo_TestCases.TC007_CheckoutPage" name="validateFinishOrder" time="0.837"/>
  <testcase classname="SauceDemo_TestCases.TC007_CheckoutPage" name="validateCancelCheckout" time="0.691"/>
</testsuite> <!-- SauceDemo_TestCases.TC007_CheckoutPage -->
